2014/06/23 15:01:55 [error] [exception.CHttpException.404] exception 'CHttpException' with message 'Unable to resolve the request "HNAP1".' in /var/www/toto2/frameworks/yii_1.1.14/framework/web/CWebApplication.php:286
Stack trace:
#0 /var/www/toto2/frameworks/yii_1.1.14/framework/web/CWebApplication.php(141): CWebApplication->runController('HNAP1')
#1 /var/www/toto2/frameworks/yii_1.1.14/framework/base/CApplication.php(180): CWebApplication->processRequest()
#2 /var/www/toto2/index.php(40): CApplication->run()
#3 {main}
REQUEST_URI=/HNAP1/
---
2014/06/23 15:02:21 [error] [exception.CHttpException.404] exception 'CHttpException' with message 'Unable to resolve the request "JNAP".' in /var/www/toto2/frameworks/yii_1.1.14/framework/web/CWebApplication.php:286
Stack trace:
#0 /var/www/toto2/frameworks/yii_1.1.14/framework/web/CWebApplication.php(141): CWebApplication->runController('JNAP')
#1 /var/www/toto2/frameworks/yii_1.1.14/framework/base/CApplication.php(180): CWebApplication->processRequest()
#2 /var/www/toto2/index.php(40): CApplication->run()
#3 {main}
REQUEST_URI=/JNAP/
---
2014/06/23 15:02:21 [error] [exception.CHttpException.404] exception 'CHttpException' with message 'Unable to resolve the request "HNAP1".' in /var/www/toto2/frameworks/yii_1.1.14/framework/web/CWebApplication.php:286
Stack trace:
#0 /var/www/toto2/frameworks/yii_1.1.14/framework/web/CWebApplication.php(141): CWebApplication->runController('HNAP1')
#1 /var/www/toto2/frameworks/yii_1.1.14/framework/base/CApplication.php(180): CWebApplication->processRequest()
#2 /var/www/toto2/index.php(40): CApplication->run()
#3 {main}
REQUEST_URI=/HNAP1/
---
2014/06/23 15:03:21 [error] [exception.CHttpException.404] exception 'CHttpException' with message 'Unable to resolve the request "JNAP".' in /var/www/toto2/frameworks/yii_1.1.14/framework/web/CWebApplication.php:286
Stack trace:
#0 /var/www/toto2/frameworks/yii_1.1.14/framework/web/CWebApplication.php(141): CWebApplication->runController('JNAP')
#1 /var/www/toto2/frameworks/yii_1.1.14/framework/base/CApplication.php(180): CWebApplication->processRequest()
#2 /var/www/toto2/index.php(40): CApplication->run()
#3 {main}
REQUEST_URI=/JNAP/
---
2014/06/23 15:03:21 [error] [exception.CHttpException.404] exception 'CHttpException' with message 'Unable to resolve the request "HNAP1".' in /var/www/toto2/frameworks/yii_1.1.14/framework/web/CWebApplication.php:286
Stack trace:
#0 /var/www/toto2/frameworks/yii_1.1.14/framework/web/CWebApplication.php(141): CWebApplication->runController('HNAP1')
#1 /var/www/toto2/frameworks/yii_1.1.14/framework/base/CApplication.php(180): CWebApplication->processRequest()
#2 /var/www/toto2/index.php(40): CApplication->run()
#3 {main}
REQUEST_URI=/HNAP1/
---
2014/06/23 15:04:21 [error] [exception.CHttpException.404] exception 'CHttpException' with message 'Unable to resolve the request "JNAP".' in /var/www/toto2/frameworks/yii_1.1.14/framework/web/CWebApplication.php:286
Stack trace:
#0 /var/www/toto2/frameworks/yii_1.1.14/framework/web/CWebApplication.php(141): CWebApplication->runController('JNAP')
#1 /var/www/toto2/frameworks/yii_1.1.14/framework/base/CApplication.php(180): CWebApplication->processRequest()
#2 /var/www/toto2/index.php(40): CApplication->run()
#3 {main}
REQUEST_URI=/JNAP/
---
2014/06/23 15:04:21 [error] [exception.CHttpException.404] exception 'CHttpException' with message 'Unable to resolve the request "HNAP1".' in /var/www/toto2/frameworks/yii_1.1.14/framework/web/CWebApplication.php:286
Stack trace:
#0 /var/www/toto2/frameworks/yii_1.1.14/framework/web/CWebApplication.php(141): CWebApplication->runController('HNAP1')
#1 /var/www/toto2/frameworks/yii_1.1.14/framework/base/CApplication.php(180): CWebApplication->processRequest()
#2 /var/www/toto2/index.php(40): CApplication->run()
#3 {main}
REQUEST_URI=/HNAP1/
---
2014/06/23 15:05:21 [error] [exception.CHttpException.404] exception 'CHttpException' with message 'Unable to resolve the request "JNAP".' in /var/www/toto2/frameworks/yii_1.1.14/framework/web/CWebApplication.php:286
Stack trace:
#0 /var/www/toto2/frameworks/yii_1.1.14/framework/web/CWebApplication.php(141): CWebApplication->runController('JNAP')
#1 /var/www/toto2/frameworks/yii_1.1.14/framework/base/CApplication.php(180): CWebApplication->processRequest()
#2 /var/www/toto2/index.php(40): CApplication->run()
#3 {main}
REQUEST_URI=/JNAP/
---
2014/06/23 15:05:21 [error] [exception.CHttpException.404] exception 'CHttpException' with message 'Unable to resolve the request "HNAP1".' in /var/www/toto2/frameworks/yii_1.1.14/framework/web/CWebApplication.php:286
Stack trace:
#0 /var/www/toto2/frameworks/yii_1.1.14/framework/web/CWebApplication.php(141): CWebApplication->runController('HNAP1')
#1 /var/www/toto2/frameworks/yii_1.1.14/framework/base/CApplication.php(180): CWebApplication->processRequest()
#2 /var/www/toto2/index.php(40): CApplication->run()
#3 {main}
REQUEST_URI=/HNAP1/
---
2014/06/23 15:06:21 [error] [exception.CHttpException.404] exception 'CHttpException' with message 'Unable to resolve the request "HNAP1".' in /var/www/toto2/frameworks/yii_1.1.14/framework/web/CWebApplication.php:286
Stack trace:
#0 /var/www/toto2/frameworks/yii_1.1.14/framework/web/CWebApplication.php(141): CWebApplication->runController('HNAP1')
#1 /var/www/toto2/frameworks/yii_1.1.14/framework/base/CApplication.php(180): CWebApplication->processRequest()
#2 /var/www/toto2/index.php(40): CApplication->run()
#3 {main}
REQUEST_URI=/HNAP1/
---
2014/06/23 15:06:21 [error] [exception.CHttpException.404] exception 'CHttpException' with message 'Unable to resolve the request "JNAP".' in /var/www/toto2/frameworks/yii_1.1.14/framework/web/CWebApplication.php:286
Stack trace:
#0 /var/www/toto2/frameworks/yii_1.1.14/framework/web/CWebApplication.php(141): CWebApplication->runController('JNAP')
#1 /var/www/toto2/frameworks/yii_1.1.14/framework/base/CApplication.php(180): CWebApplication->processRequest()
#2 /var/www/toto2/index.php(40): CApplication->run()
#3 {main}
REQUEST_URI=/JNAP/
---
2014/06/23 15:07:21 [error] [exception.CHttpException.404] exception 'CHttpException' with message 'Unable to resolve the request "HNAP1".' in /var/www/toto2/frameworks/yii_1.1.14/framework/web/CWebApplication.php:286
Stack trace:
#0 /var/www/toto2/frameworks/yii_1.1.14/framework/web/CWebApplication.php(141): CWebApplication->runController('HNAP1')
#1 /var/www/toto2/frameworks/yii_1.1.14/framework/base/CApplication.php(180): CWebApplication->processRequest()
#2 /var/www/toto2/index.php(40): CApplication->run()
#3 {main}
REQUEST_URI=/HNAP1/
---
2014/06/23 15:07:21 [error] [exception.CHttpException.404] exception 'CHttpException' with message 'Unable to resolve the request "JNAP".' in /var/www/toto2/frameworks/yii_1.1.14/framework/web/CWebApplication.php:286
Stack trace:
#0 /var/www/toto2/frameworks/yii_1.1.14/framework/web/CWebApplication.php(141): CWebApplication->runController('JNAP')
#1 /var/www/toto2/frameworks/yii_1.1.14/framework/base/CApplication.php(180): CWebApplication->processRequest()
#2 /var/www/toto2/index.php(40): CApplication->run()
#3 {main}
REQUEST_URI=/JNAP/
---
2014/06/23 15:08:21 [error] [exception.CHttpException.404] exception 'CHttpException' with message 'Unable to resolve the request "HNAP1".' in /var/www/toto2/frameworks/yii_1.1.14/framework/web/CWebApplication.php:286
Stack trace:
#0 /var/www/toto2/frameworks/yii_1.1.14/framework/web/CWebApplication.php(141): CWebApplication->runController('HNAP1')
#1 /var/www/toto2/frameworks/yii_1.1.14/framework/base/CApplication.php(180): CWebApplication->processRequest()
#2 /var/www/toto2/index.php(40): CApplication->run()
#3 {main}
REQUEST_URI=/HNAP1/
---
2014/06/23 15:08:21 [error] [exception.CHttpException.404] exception 'CHttpException' with message 'Unable to resolve the request "JNAP".' in /var/www/toto2/frameworks/yii_1.1.14/framework/web/CWebApplication.php:286
Stack trace:
#0 /var/www/toto2/frameworks/yii_1.1.14/framework/web/CWebApplication.php(141): CWebApplication->runController('JNAP')
#1 /var/www/toto2/frameworks/yii_1.1.14/framework/base/CApplication.php(180): CWebApplication->processRequest()
#2 /var/www/toto2/index.php(40): CApplication->run()
#3 {main}
REQUEST_URI=/JNAP/
---
2014/06/23 15:09:21 [error] [exception.CHttpException.404] exception 'CHttpException' with message 'Unable to resolve the request "HNAP1".' in /var/www/toto2/frameworks/yii_1.1.14/framework/web/CWebApplication.php:286
Stack trace:
#0 /var/www/toto2/frameworks/yii_1.1.14/framework/web/CWebApplication.php(141): CWebApplication->runController('HNAP1')
#1 /var/www/toto2/frameworks/yii_1.1.14/framework/base/CApplication.php(180): CWebApplication->processRequest()
#2 /var/www/toto2/index.php(40): CApplication->run()
#3 {main}
REQUEST_URI=/HNAP1/
---
2014/06/23 15:09:21 [error] [exception.CHttpException.404] exception 'CHttpException' with message 'Unable to resolve the request "JNAP".' in /var/www/toto2/frameworks/yii_1.1.14/framework/web/CWebApplication.php:286
Stack trace:
#0 /var/www/toto2/frameworks/yii_1.1.14/framework/web/CWebApplication.php(141): CWebApplication->runController('JNAP')
#1 /var/www/toto2/frameworks/yii_1.1.14/framework/base/CApplication.php(180): CWebApplication->processRequest()
#2 /var/www/toto2/index.php(40): CApplication->run()
#3 {main}
REQUEST_URI=/JNAP/
---
2014/06/23 15:10:21 [error] [exception.CHttpException.404] exception 'CHttpException' with message 'Unable to resolve the request "JNAP".' in /var/www/toto2/frameworks/yii_1.1.14/framework/web/CWebApplication.php:286
Stack trace:
#0 /var/www/toto2/frameworks/yii_1.1.14/framework/web/CWebApplication.php(141): CWebApplication->runController('JNAP')
#1 /var/www/toto2/frameworks/yii_1.1.14/framework/base/CApplication.php(180): CWebApplication->processRequest()
#2 /var/www/toto2/index.php(40): CApplication->run()
#3 {main}
REQUEST_URI=/JNAP/
---
2014/06/23 15:10:21 [error] [exception.CHttpException.404] exception 'CHttpException' with message 'Unable to resolve the request "HNAP1".' in /var/www/toto2/frameworks/yii_1.1.14/framework/web/CWebApplication.php:286
Stack trace:
#0 /var/www/toto2/frameworks/yii_1.1.14/framework/web/CWebApplication.php(141): CWebApplication->runController('HNAP1')
#1 /var/www/toto2/frameworks/yii_1.1.14/framework/base/CApplication.php(180): CWebApplication->processRequest()
#2 /var/www/toto2/index.php(40): CApplication->run()
#3 {main}
REQUEST_URI=/HNAP1/
---
2014/06/23 15:11:21 [error] [exception.CHttpException.404] exception 'CHttpException' with message 'Unable to resolve the request "HNAP1".' in /var/www/toto2/frameworks/yii_1.1.14/framework/web/CWebApplication.php:286
Stack trace:
#0 /var/www/toto2/frameworks/yii_1.1.14/framework/web/CWebApplication.php(141): CWebApplication->runController('HNAP1')
#1 /var/www/toto2/frameworks/yii_1.1.14/framework/base/CApplication.php(180): CWebApplication->processRequest()
#2 /var/www/toto2/index.php(40): CApplication->run()
#3 {main}
REQUEST_URI=/HNAP1/
---
2014/06/23 15:11:21 [error] [exception.CHttpException.404] exception 'CHttpException' with message 'Unable to resolve the request "JNAP".' in /var/www/toto2/frameworks/yii_1.1.14/framework/web/CWebApplication.php:286
Stack trace:
#0 /var/www/toto2/frameworks/yii_1.1.14/framework/web/CWebApplication.php(141): CWebApplication->runController('JNAP')
#1 /var/www/toto2/frameworks/yii_1.1.14/framework/base/CApplication.php(180): CWebApplication->processRequest()
#2 /var/www/toto2/index.php(40): CApplication->run()
#3 {main}
REQUEST_URI=/JNAP/
---
2014/06/23 15:12:21 [error] [exception.CHttpException.404] exception 'CHttpException' with message 'Unable to resolve the request "JNAP".' in /var/www/toto2/frameworks/yii_1.1.14/framework/web/CWebApplication.php:286
Stack trace:
#0 /var/www/toto2/frameworks/yii_1.1.14/framework/web/CWebApplication.php(141): CWebApplication->runController('JNAP')
#1 /var/www/toto2/frameworks/yii_1.1.14/framework/base/CApplication.php(180): CWebApplication->processRequest()
#2 /var/www/toto2/index.php(40): CApplication->run()
#3 {main}
REQUEST_URI=/JNAP/
---
2014/06/23 15:12:21 [error] [exception.CHttpException.404] exception 'CHttpException' with message 'Unable to resolve the request "HNAP1".' in /var/www/toto2/frameworks/yii_1.1.14/framework/web/CWebApplication.php:286
Stack trace:
#0 /var/www/toto2/frameworks/yii_1.1.14/framework/web/CWebApplication.php(141): CWebApplication->runController('HNAP1')
#1 /var/www/toto2/frameworks/yii_1.1.14/framework/base/CApplication.php(180): CWebApplication->processRequest()
#2 /var/www/toto2/index.php(40): CApplication->run()
#3 {main}
REQUEST_URI=/HNAP1/
---
2014/06/23 15:13:21 [error] [exception.CHttpException.404] exception 'CHttpException' with message 'Unable to resolve the request "JNAP".' in /var/www/toto2/frameworks/yii_1.1.14/framework/web/CWebApplication.php:286
Stack trace:
#0 /var/www/toto2/frameworks/yii_1.1.14/framework/web/CWebApplication.php(141): CWebApplication->runController('JNAP')
#1 /var/www/toto2/frameworks/yii_1.1.14/framework/base/CApplication.php(180): CWebApplication->processRequest()
#2 /var/www/toto2/index.php(40): CApplication->run()
#3 {main}
REQUEST_URI=/JNAP/
---
2014/06/23 15:13:21 [error] [exception.CHttpException.404] exception 'CHttpException' with message 'Unable to resolve the request "HNAP1".' in /var/www/toto2/frameworks/yii_1.1.14/framework/web/CWebApplication.php:286
Stack trace:
#0 /var/www/toto2/frameworks/yii_1.1.14/framework/web/CWebApplication.php(141): CWebApplication->runController('HNAP1')
#1 /var/www/toto2/frameworks/yii_1.1.14/framework/base/CApplication.php(180): CWebApplication->processRequest()
#2 /var/www/toto2/index.php(40): CApplication->run()
#3 {main}
REQUEST_URI=/HNAP1/
---
2014/06/23 15:14:21 [error] [exception.CHttpException.404] exception 'CHttpException' with message 'Unable to resolve the request "JNAP".' in /var/www/toto2/frameworks/yii_1.1.14/framework/web/CWebApplication.php:286
Stack trace:
#0 /var/www/toto2/frameworks/yii_1.1.14/framework/web/CWebApplication.php(141): CWebApplication->runController('JNAP')
#1 /var/www/toto2/frameworks/yii_1.1.14/framework/base/CApplication.php(180): CWebApplication->processRequest()
#2 /var/www/toto2/index.php(40): CApplication->run()
#3 {main}
REQUEST_URI=/JNAP/
---
2014/06/23 15:14:21 [error] [exception.CHttpException.404] exception 'CHttpException' with message 'Unable to resolve the request "HNAP1".' in /var/www/toto2/frameworks/yii_1.1.14/framework/web/CWebApplication.php:286
Stack trace:
#0 /var/www/toto2/frameworks/yii_1.1.14/framework/web/CWebApplication.php(141): CWebApplication->runController('HNAP1')
#1 /var/www/toto2/frameworks/yii_1.1.14/framework/base/CApplication.php(180): CWebApplication->processRequest()
#2 /var/www/toto2/index.php(40): CApplication->run()
#3 {main}
REQUEST_URI=/HNAP1/
---
2014/06/23 15:15:21 [error] [exception.CHttpException.404] exception 'CHttpException' with message 'Unable to resolve the request "HNAP1".' in /var/www/toto2/frameworks/yii_1.1.14/framework/web/CWebApplication.php:286
Stack trace:
#0 /var/www/toto2/frameworks/yii_1.1.14/framework/web/CWebApplication.php(141): CWebApplication->runController('HNAP1')
#1 /var/www/toto2/frameworks/yii_1.1.14/framework/base/CApplication.php(180): CWebApplication->processRequest()
#2 /var/www/toto2/index.php(40): CApplication->run()
#3 {main}
REQUEST_URI=/HNAP1/
---
2014/06/23 15:15:21 [error] [exception.CHttpException.404] exception 'CHttpException' with message 'Unable to resolve the request "JNAP".' in /var/www/toto2/frameworks/yii_1.1.14/framework/web/CWebApplication.php:286
Stack trace:
#0 /var/www/toto2/frameworks/yii_1.1.14/framework/web/CWebApplication.php(141): CWebApplication->runController('JNAP')
#1 /var/www/toto2/frameworks/yii_1.1.14/framework/base/CApplication.php(180): CWebApplication->processRequest()
#2 /var/www/toto2/index.php(40): CApplication->run()
#3 {main}
REQUEST_URI=/JNAP/
---
2014/06/23 15:16:23 [error] [exception.CHttpException.404] exception 'CHttpException' with message 'Unable to resolve the request "HNAP1".' in /var/www/toto2/frameworks/yii_1.1.14/framework/web/CWebApplication.php:286
Stack trace:
#0 /var/www/toto2/frameworks/yii_1.1.14/framework/web/CWebApplication.php(141): CWebApplication->runController('HNAP1')
#1 /var/www/toto2/frameworks/yii_1.1.14/framework/base/CApplication.php(180): CWebApplication->processRequest()
#2 /var/www/toto2/index.php(40): CApplication->run()
#3 {main}
REQUEST_URI=/HNAP1/
---
2014/06/23 15:16:23 [error] [exception.CHttpException.404] exception 'CHttpException' with message 'Unable to resolve the request "JNAP".' in /var/www/toto2/frameworks/yii_1.1.14/framework/web/CWebApplication.php:286
Stack trace:
#0 /var/www/toto2/frameworks/yii_1.1.14/framework/web/CWebApplication.php(141): CWebApplication->runController('JNAP')
#1 /var/www/toto2/frameworks/yii_1.1.14/framework/base/CApplication.php(180): CWebApplication->processRequest()
#2 /var/www/toto2/index.php(40): CApplication->run()
#3 {main}
REQUEST_URI=/JNAP/
---
2014/06/23 15:17:21 [error] [exception.CHttpException.404] exception 'CHttpException' with message 'Unable to resolve the request "HNAP1".' in /var/www/toto2/frameworks/yii_1.1.14/framework/web/CWebApplication.php:286
Stack trace:
#0 /var/www/toto2/frameworks/yii_1.1.14/framework/web/CWebApplication.php(141): CWebApplication->runController('HNAP1')
#1 /var/www/toto2/frameworks/yii_1.1.14/framework/base/CApplication.php(180): CWebApplication->processRequest()
#2 /var/www/toto2/index.php(40): CApplication->run()
#3 {main}
REQUEST_URI=/HNAP1/
---
2014/06/23 15:17:22 [error] [exception.CHttpException.404] exception 'CHttpException' with message 'Unable to resolve the request "JNAP".' in /var/www/toto2/frameworks/yii_1.1.14/framework/web/CWebApplication.php:286
Stack trace:
#0 /var/www/toto2/frameworks/yii_1.1.14/framework/web/CWebApplication.php(141): CWebApplication->runController('JNAP')
#1 /var/www/toto2/frameworks/yii_1.1.14/framework/base/CApplication.php(180): CWebApplication->processRequest()
#2 /var/www/toto2/index.php(40): CApplication->run()
#3 {main}
REQUEST_URI=/JNAP/
---
2014/06/23 15:18:21 [error] [exception.CHttpException.404] exception 'CHttpException' with message 'Unable to resolve the request "HNAP1".' in /var/www/toto2/frameworks/yii_1.1.14/framework/web/CWebApplication.php:286
Stack trace:
#0 /var/www/toto2/frameworks/yii_1.1.14/framework/web/CWebApplication.php(141): CWebApplication->runController('HNAP1')
#1 /var/www/toto2/frameworks/yii_1.1.14/framework/base/CApplication.php(180): CWebApplication->processRequest()
#2 /var/www/toto2/index.php(40): CApplication->run()
#3 {main}
REQUEST_URI=/HNAP1/
---
2014/06/23 15:18:22 [error] [exception.CHttpException.404] exception 'CHttpException' with message 'Unable to resolve the request "JNAP".' in /var/www/toto2/frameworks/yii_1.1.14/framework/web/CWebApplication.php:286
Stack trace:
#0 /var/www/toto2/frameworks/yii_1.1.14/framework/web/CWebApplication.php(141): CWebApplication->runController('JNAP')
#1 /var/www/toto2/frameworks/yii_1.1.14/framework/base/CApplication.php(180): CWebApplication->processRequest()
#2 /var/www/toto2/index.php(40): CApplication->run()
#3 {main}
REQUEST_URI=/JNAP/
---
2014/06/23 15:18:57 [error] [exception.CHttpException.404] exception 'CHttpException' with message 'Unable to resolve the request "HNAP1".' in /var/www/toto2/frameworks/yii_1.1.14/framework/web/CWebApplication.php:286
Stack trace:
#0 /var/www/toto2/frameworks/yii_1.1.14/framework/web/CWebApplication.php(141): CWebApplication->runController('HNAP1')
#1 /var/www/toto2/frameworks/yii_1.1.14/framework/base/CApplication.php(180): CWebApplication->processRequest()
#2 /var/www/toto2/index.php(40): CApplication->run()
#3 {main}
REQUEST_URI=/HNAP1/
---
2014/06/23 15:18:57 [error] [exception.CHttpException.404] exception 'CHttpException' with message 'Unable to resolve the request "JNAP".' in /var/www/toto2/frameworks/yii_1.1.14/framework/web/CWebApplication.php:286
Stack trace:
#0 /var/www/toto2/frameworks/yii_1.1.14/framework/web/CWebApplication.php(141): CWebApplication->runController('JNAP')
#1 /var/www/toto2/frameworks/yii_1.1.14/framework/base/CApplication.php(180): CWebApplication->processRequest()
#2 /var/www/toto2/index.php(40): CApplication->run()
#3 {main}
REQUEST_URI=/JNAP/
---
2014/06/23 15:18:57 [error] [exception.CHttpException.404] exception 'CHttpException' with message 'Unable to resolve the request "JNAP".' in /var/www/toto2/frameworks/yii_1.1.14/framework/web/CWebApplication.php:286
Stack trace:
#0 /var/www/toto2/frameworks/yii_1.1.14/framework/web/CWebApplication.php(141): CWebApplication->runController('JNAP')
#1 /var/www/toto2/frameworks/yii_1.1.14/framework/base/CApplication.php(180): CWebApplication->processRequest()
#2 /var/www/toto2/index.php(40): CApplication->run()
#3 {main}
REQUEST_URI=/JNAP/
---
2014/06/23 15:18:57 [error] [exception.CHttpException.404] exception 'CHttpException' with message 'Unable to resolve the request "HNAP1".' in /var/www/toto2/frameworks/yii_1.1.14/framework/web/CWebApplication.php:286
Stack trace:
#0 /var/www/toto2/frameworks/yii_1.1.14/framework/web/CWebApplication.php(141): CWebApplication->runController('HNAP1')
#1 /var/www/toto2/frameworks/yii_1.1.14/framework/base/CApplication.php(180): CWebApplication->processRequest()
#2 /var/www/toto2/index.php(40): CApplication->run()
#3 {main}
REQUEST_URI=/HNAP1/
---
2014/06/23 15:19:21 [error] [exception.CHttpException.404] exception 'CHttpException' with message 'Unable to resolve the request "JNAP".' in /var/www/toto2/frameworks/yii_1.1.14/framework/web/CWebApplication.php:286
Stack trace:
#0 /var/www/toto2/frameworks/yii_1.1.14/framework/web/CWebApplication.php(141): CWebApplication->runController('JNAP')
#1 /var/www/toto2/frameworks/yii_1.1.14/framework/base/CApplication.php(180): CWebApplication->processRequest()
#2 /var/www/toto2/index.php(40): CApplication->run()
#3 {main}
REQUEST_URI=/JNAP/
---
2014/06/23 15:19:21 [error] [exception.CHttpException.404] exception 'CHttpException' with message 'Unable to resolve the request "HNAP1".' in /var/www/toto2/frameworks/yii_1.1.14/framework/web/CWebApplication.php:286
Stack trace:
#0 /var/www/toto2/frameworks/yii_1.1.14/framework/web/CWebApplication.php(141): CWebApplication->runController('HNAP1')
#1 /var/www/toto2/frameworks/yii_1.1.14/framework/base/CApplication.php(180): CWebApplication->processRequest()
#2 /var/www/toto2/index.php(40): CApplication->run()
#3 {main}
REQUEST_URI=/HNAP1/
---
2014/06/23 15:20:22 [error] [exception.CHttpException.404] exception 'CHttpException' with message 'Unable to resolve the request "HNAP1".' in /var/www/toto2/frameworks/yii_1.1.14/framework/web/CWebApplication.php:286
Stack trace:
#0 /var/www/toto2/frameworks/yii_1.1.14/framework/web/CWebApplication.php(141): CWebApplication->runController('HNAP1')
#1 /var/www/toto2/frameworks/yii_1.1.14/framework/base/CApplication.php(180): CWebApplication->processRequest()
#2 /var/www/toto2/index.php(40): CApplication->run()
#3 {main}
REQUEST_URI=/HNAP1/
---
2014/06/23 15:20:22 [error] [exception.CHttpException.404] exception 'CHttpException' with message 'Unable to resolve the request "JNAP".' in /var/www/toto2/frameworks/yii_1.1.14/framework/web/CWebApplication.php:286
Stack trace:
#0 /var/www/toto2/frameworks/yii_1.1.14/framework/web/CWebApplication.php(141): CWebApplication->runController('JNAP')
#1 /var/www/toto2/frameworks/yii_1.1.14/framework/base/CApplication.php(180): CWebApplication->processRequest()
#2 /var/www/toto2/index.php(40): CApplication->run()
#3 {main}
REQUEST_URI=/JNAP/
---
2014/06/23 15:21:21 [error] [exception.CHttpException.404] exception 'CHttpException' with message 'Unable to resolve the request "JNAP".' in /var/www/toto2/frameworks/yii_1.1.14/framework/web/CWebApplication.php:286
Stack trace:
#0 /var/www/toto2/frameworks/yii_1.1.14/framework/web/CWebApplication.php(141): CWebApplication->runController('JNAP')
#1 /var/www/toto2/frameworks/yii_1.1.14/framework/base/CApplication.php(180): CWebApplication->processRequest()
#2 /var/www/toto2/index.php(40): CApplication->run()
#3 {main}
REQUEST_URI=/JNAP/
---
2014/06/23 15:21:21 [error] [exception.CHttpException.404] exception 'CHttpException' with message 'Unable to resolve the request "HNAP1".' in /var/www/toto2/frameworks/yii_1.1.14/framework/web/CWebApplication.php:286
Stack trace:
#0 /var/www/toto2/frameworks/yii_1.1.14/framework/web/CWebApplication.php(141): CWebApplication->runController('HNAP1')
#1 /var/www/toto2/frameworks/yii_1.1.14/framework/base/CApplication.php(180): CWebApplication->processRequest()
#2 /var/www/toto2/index.php(40): CApplication->run()
#3 {main}
REQUEST_URI=/HNAP1/
---
2014/06/23 15:22:22 [error] [exception.CHttpException.404] exception 'CHttpException' with message 'Unable to resolve the request "HNAP1".' in /var/www/toto2/frameworks/yii_1.1.14/framework/web/CWebApplication.php:286
Stack trace:
#0 /var/www/toto2/frameworks/yii_1.1.14/framework/web/CWebApplication.php(141): CWebApplication->runController('HNAP1')
#1 /var/www/toto2/frameworks/yii_1.1.14/framework/base/CApplication.php(180): CWebApplication->processRequest()
#2 /var/www/toto2/index.php(40): CApplication->run()
#3 {main}
REQUEST_URI=/HNAP1/
---
2014/06/23 15:22:22 [error] [exception.CHttpException.404] exception 'CHttpException' with message 'Unable to resolve the request "JNAP".' in /var/www/toto2/frameworks/yii_1.1.14/framework/web/CWebApplication.php:286
Stack trace:
#0 /var/www/toto2/frameworks/yii_1.1.14/framework/web/CWebApplication.php(141): CWebApplication->runController('JNAP')
#1 /var/www/toto2/frameworks/yii_1.1.14/framework/base/CApplication.php(180): CWebApplication->processRequest()
#2 /var/www/toto2/index.php(40): CApplication->run()
#3 {main}
REQUEST_URI=/JNAP/
---
2014/06/23 15:23:21 [error] [exception.CHttpException.404] exception 'CHttpException' with message 'Unable to resolve the request "HNAP1".' in /var/www/toto2/frameworks/yii_1.1.14/framework/web/CWebApplication.php:286
Stack trace:
#0 /var/www/toto2/frameworks/yii_1.1.14/framework/web/CWebApplication.php(141): CWebApplication->runController('HNAP1')
#1 /var/www/toto2/frameworks/yii_1.1.14/framework/base/CApplication.php(180): CWebApplication->processRequest()
#2 /var/www/toto2/index.php(40): CApplication->run()
#3 {main}
REQUEST_URI=/HNAP1/
---
2014/06/23 15:23:21 [error] [exception.CHttpException.404] exception 'CHttpException' with message 'Unable to resolve the request "JNAP".' in /var/www/toto2/frameworks/yii_1.1.14/framework/web/CWebApplication.php:286
Stack trace:
#0 /var/www/toto2/frameworks/yii_1.1.14/framework/web/CWebApplication.php(141): CWebApplication->runController('JNAP')
#1 /var/www/toto2/frameworks/yii_1.1.14/framework/base/CApplication.php(180): CWebApplication->processRequest()
#2 /var/www/toto2/index.php(40): CApplication->run()
#3 {main}
REQUEST_URI=/JNAP/
---
2014/06/23 15:24:21 [error] [exception.CHttpException.404] exception 'CHttpException' with message 'Unable to resolve the request "HNAP1".' in /var/www/toto2/frameworks/yii_1.1.14/framework/web/CWebApplication.php:286
Stack trace:
#0 /var/www/toto2/frameworks/yii_1.1.14/framework/web/CWebApplication.php(141): CWebApplication->runController('HNAP1')
#1 /var/www/toto2/frameworks/yii_1.1.14/framework/base/CApplication.php(180): CWebApplication->processRequest()
#2 /var/www/toto2/index.php(40): CApplication->run()
#3 {main}
REQUEST_URI=/HNAP1/
---
2014/06/23 15:24:21 [error] [exception.CHttpException.404] exception 'CHttpException' with message 'Unable to resolve the request "JNAP".' in /var/www/toto2/frameworks/yii_1.1.14/framework/web/CWebApplication.php:286
Stack trace:
#0 /var/www/toto2/frameworks/yii_1.1.14/framework/web/CWebApplication.php(141): CWebApplication->runController('JNAP')
#1 /var/www/toto2/frameworks/yii_1.1.14/framework/base/CApplication.php(180): CWebApplication->processRequest()
#2 /var/www/toto2/index.php(40): CApplication->run()
#3 {main}
REQUEST_URI=/JNAP/
---
2014/06/23 15:25:21 [error] [exception.CHttpException.404] exception 'CHttpException' with message 'Unable to resolve the request "HNAP1".' in /var/www/toto2/frameworks/yii_1.1.14/framework/web/CWebApplication.php:286
Stack trace:
#0 /var/www/toto2/frameworks/yii_1.1.14/framework/web/CWebApplication.php(141): CWebApplication->runController('HNAP1')
#1 /var/www/toto2/frameworks/yii_1.1.14/framework/base/CApplication.php(180): CWebApplication->processRequest()
#2 /var/www/toto2/index.php(40): CApplication->run()
#3 {main}
REQUEST_URI=/HNAP1/
---
2014/06/23 15:25:21 [error] [exception.CHttpException.404] exception 'CHttpException' with message 'Unable to resolve the request "JNAP".' in /var/www/toto2/frameworks/yii_1.1.14/framework/web/CWebApplication.php:286
Stack trace:
#0 /var/www/toto2/frameworks/yii_1.1.14/framework/web/CWebApplication.php(141): CWebApplication->runController('JNAP')
#1 /var/www/toto2/frameworks/yii_1.1.14/framework/base/CApplication.php(180): CWebApplication->processRequest()
#2 /var/www/toto2/index.php(40): CApplication->run()
#3 {main}
REQUEST_URI=/JNAP/
---
2014/06/23 15:26:21 [error] [exception.CHttpException.404] exception 'CHttpException' with message 'Unable to resolve the request "HNAP1".' in /var/www/toto2/frameworks/yii_1.1.14/framework/web/CWebApplication.php:286
Stack trace:
#0 /var/www/toto2/frameworks/yii_1.1.14/framework/web/CWebApplication.php(141): CWebApplication->runController('HNAP1')
#1 /var/www/toto2/frameworks/yii_1.1.14/framework/base/CApplication.php(180): CWebApplication->processRequest()
#2 /var/www/toto2/index.php(40): CApplication->run()
#3 {main}
REQUEST_URI=/HNAP1/
---
2014/06/23 15:26:21 [error] [exception.CHttpException.404] exception 'CHttpException' with message 'Unable to resolve the request "JNAP".' in /var/www/toto2/frameworks/yii_1.1.14/framework/web/CWebApplication.php:286
Stack trace:
#0 /var/www/toto2/frameworks/yii_1.1.14/framework/web/CWebApplication.php(141): CWebApplication->runController('JNAP')
#1 /var/www/toto2/frameworks/yii_1.1.14/framework/base/CApplication.php(180): CWebApplication->processRequest()
#2 /var/www/toto2/index.php(40): CApplication->run()
#3 {main}
REQUEST_URI=/JNAP/
---
2014/06/23 15:27:21 [error] [exception.CHttpException.404] exception 'CHttpException' with message 'Unable to resolve the request "JNAP".' in /var/www/toto2/frameworks/yii_1.1.14/framework/web/CWebApplication.php:286
Stack trace:
#0 /var/www/toto2/frameworks/yii_1.1.14/framework/web/CWebApplication.php(141): CWebApplication->runController('JNAP')
#1 /var/www/toto2/frameworks/yii_1.1.14/framework/base/CApplication.php(180): CWebApplication->processRequest()
#2 /var/www/toto2/index.php(40): CApplication->run()
#3 {main}
REQUEST_URI=/JNAP/
---
2014/06/23 15:27:21 [error] [exception.CHttpException.404] exception 'CHttpException' with message 'Unable to resolve the request "HNAP1".' in /var/www/toto2/frameworks/yii_1.1.14/framework/web/CWebApplication.php:286
Stack trace:
#0 /var/www/toto2/frameworks/yii_1.1.14/framework/web/CWebApplication.php(141): CWebApplication->runController('HNAP1')
#1 /var/www/toto2/frameworks/yii_1.1.14/framework/base/CApplication.php(180): CWebApplication->processRequest()
#2 /var/www/toto2/index.php(40): CApplication->run()
#3 {main}
REQUEST_URI=/HNAP1/
---
2014/06/23 15:28:21 [error] [exception.CHttpException.404] exception 'CHttpException' with message 'Unable to resolve the request "JNAP".' in /var/www/toto2/frameworks/yii_1.1.14/framework/web/CWebApplication.php:286
Stack trace:
#0 /var/www/toto2/frameworks/yii_1.1.14/framework/web/CWebApplication.php(141): CWebApplication->runController('JNAP')
#1 /var/www/toto2/frameworks/yii_1.1.14/framework/base/CApplication.php(180): CWebApplication->processRequest()
#2 /var/www/toto2/index.php(40): CApplication->run()
#3 {main}
REQUEST_URI=/JNAP/
---
2014/06/23 15:28:21 [error] [exception.CHttpException.404] exception 'CHttpException' with message 'Unable to resolve the request "HNAP1".' in /var/www/toto2/frameworks/yii_1.1.14/framework/web/CWebApplication.php:286
Stack trace:
#0 /var/www/toto2/frameworks/yii_1.1.14/framework/web/CWebApplication.php(141): CWebApplication->runController('HNAP1')
#1 /var/www/toto2/frameworks/yii_1.1.14/framework/base/CApplication.php(180): CWebApplication->processRequest()
#2 /var/www/toto2/index.php(40): CApplication->run()
#3 {main}
REQUEST_URI=/HNAP1/
---
2014/06/23 15:29:21 [error] [exception.CHttpException.404] exception 'CHttpException' with message 'Unable to resolve the request "HNAP1".' in /var/www/toto2/frameworks/yii_1.1.14/framework/web/CWebApplication.php:286
Stack trace:
#0 /var/www/toto2/frameworks/yii_1.1.14/framework/web/CWebApplication.php(141): CWebApplication->runController('HNAP1')
#1 /var/www/toto2/frameworks/yii_1.1.14/framework/base/CApplication.php(180): CWebApplication->processRequest()
#2 /var/www/toto2/index.php(40): CApplication->run()
#3 {main}
REQUEST_URI=/HNAP1/
---
2014/06/23 15:29:21 [error] [exception.CHttpException.404] exception 'CHttpException' with message 'Unable to resolve the request "JNAP".' in /var/www/toto2/frameworks/yii_1.1.14/framework/web/CWebApplication.php:286
Stack trace:
#0 /var/www/toto2/frameworks/yii_1.1.14/framework/web/CWebApplication.php(141): CWebApplication->runController('JNAP')
#1 /var/www/toto2/frameworks/yii_1.1.14/framework/base/CApplication.php(180): CWebApplication->processRequest()
#2 /var/www/toto2/index.php(40): CApplication->run()
#3 {main}
REQUEST_URI=/JNAP/
---
2014/06/23 15:30:21 [error] [exception.CHttpException.404] exception 'CHttpException' with message 'Unable to resolve the request "JNAP".' in /var/www/toto2/frameworks/yii_1.1.14/framework/web/CWebApplication.php:286
Stack trace:
#0 /var/www/toto2/frameworks/yii_1.1.14/framework/web/CWebApplication.php(141): CWebApplication->runController('JNAP')
#1 /var/www/toto2/frameworks/yii_1.1.14/framework/base/CApplication.php(180): CWebApplication->processRequest()
#2 /var/www/toto2/index.php(40): CApplication->run()
#3 {main}
REQUEST_URI=/JNAP/
---
2014/06/23 15:30:21 [error] [exception.CHttpException.404] exception 'CHttpException' with message 'Unable to resolve the request "HNAP1".' in /var/www/toto2/frameworks/yii_1.1.14/framework/web/CWebApplication.php:286
Stack trace:
#0 /var/www/toto2/frameworks/yii_1.1.14/framework/web/CWebApplication.php(141): CWebApplication->runController('HNAP1')
#1 /var/www/toto2/frameworks/yii_1.1.14/framework/base/CApplication.php(180): CWebApplication->processRequest()
#2 /var/www/toto2/index.php(40): CApplication->run()
#3 {main}
REQUEST_URI=/HNAP1/
---
2014/06/23 15:31:21 [error] [exception.CHttpException.404] exception 'CHttpException' with message 'Unable to resolve the request "HNAP1".' in /var/www/toto2/frameworks/yii_1.1.14/framework/web/CWebApplication.php:286
Stack trace:
#0 /var/www/toto2/frameworks/yii_1.1.14/framework/web/CWebApplication.php(141): CWebApplication->runController('HNAP1')
#1 /var/www/toto2/frameworks/yii_1.1.14/framework/base/CApplication.php(180): CWebApplication->processRequest()
#2 /var/www/toto2/index.php(40): CApplication->run()
#3 {main}
REQUEST_URI=/HNAP1/
---
2014/06/23 15:31:21 [error] [exception.CHttpException.404] exception 'CHttpException' with message 'Unable to resolve the request "JNAP".' in /var/www/toto2/frameworks/yii_1.1.14/framework/web/CWebApplication.php:286
Stack trace:
#0 /var/www/toto2/frameworks/yii_1.1.14/framework/web/CWebApplication.php(141): CWebApplication->runController('JNAP')
#1 /var/www/toto2/frameworks/yii_1.1.14/framework/base/CApplication.php(180): CWebApplication->processRequest()
#2 /var/www/toto2/index.php(40): CApplication->run()
#3 {main}
REQUEST_URI=/JNAP/
---
2014/06/23 15:32:21 [error] [exception.CHttpException.404] exception 'CHttpException' with message 'Unable to resolve the request "HNAP1".' in /var/www/toto2/frameworks/yii_1.1.14/framework/web/CWebApplication.php:286
Stack trace:
#0 /var/www/toto2/frameworks/yii_1.1.14/framework/web/CWebApplication.php(141): CWebApplication->runController('HNAP1')
#1 /var/www/toto2/frameworks/yii_1.1.14/framework/base/CApplication.php(180): CWebApplication->processRequest()
#2 /var/www/toto2/index.php(40): CApplication->run()
#3 {main}
REQUEST_URI=/HNAP1/
---
2014/06/23 15:32:21 [error] [exception.CHttpException.404] exception 'CHttpException' with message 'Unable to resolve the request "JNAP".' in /var/www/toto2/frameworks/yii_1.1.14/framework/web/CWebApplication.php:286
Stack trace:
#0 /var/www/toto2/frameworks/yii_1.1.14/framework/web/CWebApplication.php(141): CWebApplication->runController('JNAP')
#1 /var/www/toto2/frameworks/yii_1.1.14/framework/base/CApplication.php(180): CWebApplication->processRequest()
#2 /var/www/toto2/index.php(40): CApplication->run()
#3 {main}
REQUEST_URI=/JNAP/
---
2014/06/23 15:33:21 [error] [exception.CHttpException.404] exception 'CHttpException' with message 'Unable to resolve the request "HNAP1".' in /var/www/toto2/frameworks/yii_1.1.14/framework/web/CWebApplication.php:286
Stack trace:
#0 /var/www/toto2/frameworks/yii_1.1.14/framework/web/CWebApplication.php(141): CWebApplication->runController('HNAP1')
#1 /var/www/toto2/frameworks/yii_1.1.14/framework/base/CApplication.php(180): CWebApplication->processRequest()
#2 /var/www/toto2/index.php(40): CApplication->run()
#3 {main}
REQUEST_URI=/HNAP1/
---
2014/06/23 15:33:21 [error] [exception.CHttpException.404] exception 'CHttpException' with message 'Unable to resolve the request "JNAP".' in /var/www/toto2/frameworks/yii_1.1.14/framework/web/CWebApplication.php:286
Stack trace:
#0 /var/www/toto2/frameworks/yii_1.1.14/framework/web/CWebApplication.php(141): CWebApplication->runController('JNAP')
#1 /var/www/toto2/frameworks/yii_1.1.14/framework/base/CApplication.php(180): CWebApplication->processRequest()
#2 /var/www/toto2/index.php(40): CApplication->run()
#3 {main}
REQUEST_URI=/JNAP/
---
2014/06/23 15:34:21 [error] [exception.CHttpException.404] exception 'CHttpException' with message 'Unable to resolve the request "HNAP1".' in /var/www/toto2/frameworks/yii_1.1.14/framework/web/CWebApplication.php:286
Stack trace:
#0 /var/www/toto2/frameworks/yii_1.1.14/framework/web/CWebApplication.php(141): CWebApplication->runController('HNAP1')
#1 /var/www/toto2/frameworks/yii_1.1.14/framework/base/CApplication.php(180): CWebApplication->processRequest()
#2 /var/www/toto2/index.php(40): CApplication->run()
#3 {main}
REQUEST_URI=/HNAP1/
---
2014/06/23 15:34:21 [error] [exception.CHttpException.404] exception 'CHttpException' with message 'Unable to resolve the request "JNAP".' in /var/www/toto2/frameworks/yii_1.1.14/framework/web/CWebApplication.php:286
Stack trace:
#0 /var/www/toto2/frameworks/yii_1.1.14/framework/web/CWebApplication.php(141): CWebApplication->runController('JNAP')
#1 /var/www/toto2/frameworks/yii_1.1.14/framework/base/CApplication.php(180): CWebApplication->processRequest()
#2 /var/www/toto2/index.php(40): CApplication->run()
#3 {main}
REQUEST_URI=/JNAP/
---
2014/06/23 15:35:21 [error] [exception.CHttpException.404] exception 'CHttpException' with message 'Unable to resolve the request "JNAP".' in /var/www/toto2/frameworks/yii_1.1.14/framework/web/CWebApplication.php:286
Stack trace:
#0 /var/www/toto2/frameworks/yii_1.1.14/framework/web/CWebApplication.php(141): CWebApplication->runController('JNAP')
#1 /var/www/toto2/frameworks/yii_1.1.14/framework/base/CApplication.php(180): CWebApplication->processRequest()
#2 /var/www/toto2/index.php(40): CApplication->run()
#3 {main}
REQUEST_URI=/JNAP/
---
2014/06/23 15:35:21 [error] [exception.CHttpException.404] exception 'CHttpException' with message 'Unable to resolve the request "HNAP1".' in /var/www/toto2/frameworks/yii_1.1.14/framework/web/CWebApplication.php:286
Stack trace:
#0 /var/www/toto2/frameworks/yii_1.1.14/framework/web/CWebApplication.php(141): CWebApplication->runController('HNAP1')
#1 /var/www/toto2/frameworks/yii_1.1.14/framework/base/CApplication.php(180): CWebApplication->processRequest()
#2 /var/www/toto2/index.php(40): CApplication->run()
#3 {main}
REQUEST_URI=/HNAP1/
---
2014/06/23 15:36:21 [error] [exception.CHttpException.404] exception 'CHttpException' with message 'Unable to resolve the request "HNAP1".' in /var/www/toto2/frameworks/yii_1.1.14/framework/web/CWebApplication.php:286
Stack trace:
#0 /var/www/toto2/frameworks/yii_1.1.14/framework/web/CWebApplication.php(141): CWebApplication->runController('HNAP1')
#1 /var/www/toto2/frameworks/yii_1.1.14/framework/base/CApplication.php(180): CWebApplication->processRequest()
#2 /var/www/toto2/index.php(40): CApplication->run()
#3 {main}
REQUEST_URI=/HNAP1/
---
2014/06/23 15:36:21 [error] [exception.CHttpException.404] exception 'CHttpException' with message 'Unable to resolve the request "JNAP".' in /var/www/toto2/frameworks/yii_1.1.14/framework/web/CWebApplication.php:286
Stack trace:
#0 /var/www/toto2/frameworks/yii_1.1.14/framework/web/CWebApplication.php(141): CWebApplication->runController('JNAP')
#1 /var/www/toto2/frameworks/yii_1.1.14/framework/base/CApplication.php(180): CWebApplication->processRequest()
#2 /var/www/toto2/index.php(40): CApplication->run()
#3 {main}
REQUEST_URI=/JNAP/
---
2014/06/23 15:37:20 [error] [exception.CHttpException.404] exception 'CHttpException' with message 'Unable to resolve the request "HNAP1".' in /var/www/toto2/frameworks/yii_1.1.14/framework/web/CWebApplication.php:286
Stack trace:
#0 /var/www/toto2/frameworks/yii_1.1.14/framework/web/CWebApplication.php(141): CWebApplication->runController('HNAP1')
#1 /var/www/toto2/frameworks/yii_1.1.14/framework/base/CApplication.php(180): CWebApplication->processRequest()
#2 /var/www/toto2/index.php(40): CApplication->run()
#3 {main}
REQUEST_URI=/HNAP1/
---
2014/06/23 15:37:20 [error] [exception.CHttpException.404] exception 'CHttpException' with message 'Unable to resolve the request "JNAP".' in /var/www/toto2/frameworks/yii_1.1.14/framework/web/CWebApplication.php:286
Stack trace:
#0 /var/www/toto2/frameworks/yii_1.1.14/framework/web/CWebApplication.php(141): CWebApplication->runController('JNAP')
#1 /var/www/toto2/frameworks/yii_1.1.14/framework/base/CApplication.php(180): CWebApplication->processRequest()
#2 /var/www/toto2/index.php(40): CApplication->run()
#3 {main}
REQUEST_URI=/JNAP/
---
2014/06/23 15:38:22 [error] [exception.CHttpException.404] exception 'CHttpException' with message 'Unable to resolve the request "HNAP1".' in /var/www/toto2/frameworks/yii_1.1.14/framework/web/CWebApplication.php:286
Stack trace:
#0 /var/www/toto2/frameworks/yii_1.1.14/framework/web/CWebApplication.php(141): CWebApplication->runController('HNAP1')
#1 /var/www/toto2/frameworks/yii_1.1.14/framework/base/CApplication.php(180): CWebApplication->processRequest()
#2 /var/www/toto2/index.php(40): CApplication->run()
#3 {main}
REQUEST_URI=/HNAP1/
---
2014/06/23 15:38:22 [error] [exception.CHttpException.404] exception 'CHttpException' with message 'Unable to resolve the request "JNAP".' in /var/www/toto2/frameworks/yii_1.1.14/framework/web/CWebApplication.php:286
Stack trace:
#0 /var/www/toto2/frameworks/yii_1.1.14/framework/web/CWebApplication.php(141): CWebApplication->runController('JNAP')
#1 /var/www/toto2/frameworks/yii_1.1.14/framework/base/CApplication.php(180): CWebApplication->processRequest()
#2 /var/www/toto2/index.php(40): CApplication->run()
#3 {main}
REQUEST_URI=/JNAP/
---
2014/06/23 15:39:21 [error] [exception.CHttpException.404] exception 'CHttpException' with message 'Unable to resolve the request "HNAP1".' in /var/www/toto2/frameworks/yii_1.1.14/framework/web/CWebApplication.php:286
Stack trace:
#0 /var/www/toto2/frameworks/yii_1.1.14/framework/web/CWebApplication.php(141): CWebApplication->runController('HNAP1')
#1 /var/www/toto2/frameworks/yii_1.1.14/framework/base/CApplication.php(180): CWebApplication->processRequest()
#2 /var/www/toto2/index.php(40): CApplication->run()
#3 {main}
REQUEST_URI=/HNAP1/
---
2014/06/23 15:39:21 [error] [exception.CHttpException.404] exception 'CHttpException' with message 'Unable to resolve the request "JNAP".' in /var/www/toto2/frameworks/yii_1.1.14/framework/web/CWebApplication.php:286
Stack trace:
#0 /var/www/toto2/frameworks/yii_1.1.14/framework/web/CWebApplication.php(141): CWebApplication->runController('JNAP')
#1 /var/www/toto2/frameworks/yii_1.1.14/framework/base/CApplication.php(180): CWebApplication->processRequest()
#2 /var/www/toto2/index.php(40): CApplication->run()
#3 {main}
REQUEST_URI=/JNAP/
---
2014/06/23 15:40:21 [error] [exception.CHttpException.404] exception 'CHttpException' with message 'Unable to resolve the request "JNAP".' in /var/www/toto2/frameworks/yii_1.1.14/framework/web/CWebApplication.php:286
Stack trace:
#0 /var/www/toto2/frameworks/yii_1.1.14/framework/web/CWebApplication.php(141): CWebApplication->runController('JNAP')
#1 /var/www/toto2/frameworks/yii_1.1.14/framework/base/CApplication.php(180): CWebApplication->processRequest()
#2 /var/www/toto2/index.php(40): CApplication->run()
#3 {main}
REQUEST_URI=/JNAP/
---
2014/06/23 15:40:21 [error] [exception.CHttpException.404] exception 'CHttpException' with message 'Unable to resolve the request "HNAP1".' in /var/www/toto2/frameworks/yii_1.1.14/framework/web/CWebApplication.php:286
Stack trace:
#0 /var/www/toto2/frameworks/yii_1.1.14/framework/web/CWebApplication.php(141): CWebApplication->runController('HNAP1')
#1 /var/www/toto2/frameworks/yii_1.1.14/framework/base/CApplication.php(180): CWebApplication->processRequest()
#2 /var/www/toto2/index.php(40): CApplication->run()
#3 {main}
REQUEST_URI=/HNAP1/
---
2014/06/23 15:41:20 [error] [exception.CHttpException.404] exception 'CHttpException' with message 'Unable to resolve the request "HNAP1".' in /var/www/toto2/frameworks/yii_1.1.14/framework/web/CWebApplication.php:286
Stack trace:
#0 /var/www/toto2/frameworks/yii_1.1.14/framework/web/CWebApplication.php(141): CWebApplication->runController('HNAP1')
#1 /var/www/toto2/frameworks/yii_1.1.14/framework/base/CApplication.php(180): CWebApplication->processRequest()
#2 /var/www/toto2/index.php(40): CApplication->run()
#3 {main}
REQUEST_URI=/HNAP1/
---
2014/06/23 15:41:20 [error] [exception.CHttpException.404] exception 'CHttpException' with message 'Unable to resolve the request "JNAP".' in /var/www/toto2/frameworks/yii_1.1.14/framework/web/CWebApplication.php:286
Stack trace:
#0 /var/www/toto2/frameworks/yii_1.1.14/framework/web/CWebApplication.php(141): CWebApplication->runController('JNAP')
#1 /var/www/toto2/frameworks/yii_1.1.14/framework/base/CApplication.php(180): CWebApplication->processRequest()
#2 /var/www/toto2/index.php(40): CApplication->run()
#3 {main}
REQUEST_URI=/JNAP/
---
2014/06/23 15:42:20 [error] [exception.CHttpException.404] exception 'CHttpException' with message 'Unable to resolve the request "HNAP1".' in /var/www/toto2/frameworks/yii_1.1.14/framework/web/CWebApplication.php:286
Stack trace:
#0 /var/www/toto2/frameworks/yii_1.1.14/framework/web/CWebApplication.php(141): CWebApplication->runController('HNAP1')
#1 /var/www/toto2/frameworks/yii_1.1.14/framework/base/CApplication.php(180): CWebApplication->processRequest()
#2 /var/www/toto2/index.php(40): CApplication->run()
#3 {main}
REQUEST_URI=/HNAP1/
---
2014/06/23 15:42:20 [error] [exception.CHttpException.404] exception 'CHttpException' with message 'Unable to resolve the request "JNAP".' in /var/www/toto2/frameworks/yii_1.1.14/framework/web/CWebApplication.php:286
Stack trace:
#0 /var/www/toto2/frameworks/yii_1.1.14/framework/web/CWebApplication.php(141): CWebApplication->runController('JNAP')
#1 /var/www/toto2/frameworks/yii_1.1.14/framework/base/CApplication.php(180): CWebApplication->processRequest()
#2 /var/www/toto2/index.php(40): CApplication->run()
#3 {main}
REQUEST_URI=/JNAP/
---
2014/06/23 15:43:21 [error] [exception.CHttpException.404] exception 'CHttpException' with message 'Unable to resolve the request "JNAP".' in /var/www/toto2/frameworks/yii_1.1.14/framework/web/CWebApplication.php:286
Stack trace:
#0 /var/www/toto2/frameworks/yii_1.1.14/framework/web/CWebApplication.php(141): CWebApplication->runController('JNAP')
#1 /var/www/toto2/frameworks/yii_1.1.14/framework/base/CApplication.php(180): CWebApplication->processRequest()
#2 /var/www/toto2/index.php(40): CApplication->run()
#3 {main}
REQUEST_URI=/JNAP/
---
2014/06/23 15:43:21 [error] [exception.CHttpException.404] exception 'CHttpException' with message 'Unable to resolve the request "HNAP1".' in /var/www/toto2/frameworks/yii_1.1.14/framework/web/CWebApplication.php:286
Stack trace:
#0 /var/www/toto2/frameworks/yii_1.1.14/framework/web/CWebApplication.php(141): CWebApplication->runController('HNAP1')
#1 /var/www/toto2/frameworks/yii_1.1.14/framework/base/CApplication.php(180): CWebApplication->processRequest()
#2 /var/www/toto2/index.php(40): CApplication->run()
#3 {main}
REQUEST_URI=/HNAP1/
---
2014/06/23 15:44:21 [error] [exception.CHttpException.404] exception 'CHttpException' with message 'Unable to resolve the request "HNAP1".' in /var/www/toto2/frameworks/yii_1.1.14/framework/web/CWebApplication.php:286
Stack trace:
#0 /var/www/toto2/frameworks/yii_1.1.14/framework/web/CWebApplication.php(141): CWebApplication->runController('HNAP1')
#1 /var/www/toto2/frameworks/yii_1.1.14/framework/base/CApplication.php(180): CWebApplication->processRequest()
#2 /var/www/toto2/index.php(40): CApplication->run()
#3 {main}
REQUEST_URI=/HNAP1/
---
2014/06/23 15:44:21 [error] [exception.CHttpException.404] exception 'CHttpException' with message 'Unable to resolve the request "JNAP".' in /var/www/toto2/frameworks/yii_1.1.14/framework/web/CWebApplication.php:286
Stack trace:
#0 /var/www/toto2/frameworks/yii_1.1.14/framework/web/CWebApplication.php(141): CWebApplication->runController('JNAP')
#1 /var/www/toto2/frameworks/yii_1.1.14/framework/base/CApplication.php(180): CWebApplication->processRequest()
#2 /var/www/toto2/index.php(40): CApplication->run()
#3 {main}
REQUEST_URI=/JNAP/
---
2014/06/23 15:45:21 [error] [exception.CHttpException.404] exception 'CHttpException' with message 'Unable to resolve the request "HNAP1".' in /var/www/toto2/frameworks/yii_1.1.14/framework/web/CWebApplication.php:286
Stack trace:
#0 /var/www/toto2/frameworks/yii_1.1.14/framework/web/CWebApplication.php(141): CWebApplication->runController('HNAP1')
#1 /var/www/toto2/frameworks/yii_1.1.14/framework/base/CApplication.php(180): CWebApplication->processRequest()
#2 /var/www/toto2/index.php(40): CApplication->run()
#3 {main}
REQUEST_URI=/HNAP1/
---
2014/06/23 15:45:21 [error] [exception.CHttpException.404] exception 'CHttpException' with message 'Unable to resolve the request "JNAP".' in /var/www/toto2/frameworks/yii_1.1.14/framework/web/CWebApplication.php:286
Stack trace:
#0 /var/www/toto2/frameworks/yii_1.1.14/framework/web/CWebApplication.php(141): CWebApplication->runController('JNAP')
#1 /var/www/toto2/frameworks/yii_1.1.14/framework/base/CApplication.php(180): CWebApplication->processRequest()
#2 /var/www/toto2/index.php(40): CApplication->run()
#3 {main}
REQUEST_URI=/JNAP/
---
2014/06/23 15:46:21 [error] [exception.CHttpException.404] exception 'CHttpException' with message 'Unable to resolve the request "JNAP".' in /var/www/toto2/frameworks/yii_1.1.14/framework/web/CWebApplication.php:286
Stack trace:
#0 /var/www/toto2/frameworks/yii_1.1.14/framework/web/CWebApplication.php(141): CWebApplication->runController('JNAP')
#1 /var/www/toto2/frameworks/yii_1.1.14/framework/base/CApplication.php(180): CWebApplication->processRequest()
#2 /var/www/toto2/index.php(40): CApplication->run()
#3 {main}
REQUEST_URI=/JNAP/
---
2014/06/23 15:46:21 [error] [exception.CHttpException.404] exception 'CHttpException' with message 'Unable to resolve the request "HNAP1".' in /var/www/toto2/frameworks/yii_1.1.14/framework/web/CWebApplication.php:286
Stack trace:
#0 /var/www/toto2/frameworks/yii_1.1.14/framework/web/CWebApplication.php(141): CWebApplication->runController('HNAP1')
#1 /var/www/toto2/frameworks/yii_1.1.14/framework/base/CApplication.php(180): CWebApplication->processRequest()
#2 /var/www/toto2/index.php(40): CApplication->run()
#3 {main}
REQUEST_URI=/HNAP1/
---
2014/06/23 15:47:21 [error] [exception.CHttpException.404] exception 'CHttpException' with message 'Unable to resolve the request "HNAP1".' in /var/www/toto2/frameworks/yii_1.1.14/framework/web/CWebApplication.php:286
Stack trace:
#0 /var/www/toto2/frameworks/yii_1.1.14/framework/web/CWebApplication.php(141): CWebApplication->runController('HNAP1')
#1 /var/www/toto2/frameworks/yii_1.1.14/framework/base/CApplication.php(180): CWebApplication->processRequest()
#2 /var/www/toto2/index.php(40): CApplication->run()
#3 {main}
REQUEST_URI=/HNAP1/
---
2014/06/23 15:47:21 [error] [exception.CHttpException.404] exception 'CHttpException' with message 'Unable to resolve the request "JNAP".' in /var/www/toto2/frameworks/yii_1.1.14/framework/web/CWebApplication.php:286
Stack trace:
#0 /var/www/toto2/frameworks/yii_1.1.14/framework/web/CWebApplication.php(141): CWebApplication->runController('JNAP')
#1 /var/www/toto2/frameworks/yii_1.1.14/framework/base/CApplication.php(180): CWebApplication->processRequest()
#2 /var/www/toto2/index.php(40): CApplication->run()
#3 {main}
REQUEST_URI=/JNAP/
---
2014/06/23 15:48:21 [error] [exception.CHttpException.404] exception 'CHttpException' with message 'Unable to resolve the request "HNAP1".' in /var/www/toto2/frameworks/yii_1.1.14/framework/web/CWebApplication.php:286
Stack trace:
#0 /var/www/toto2/frameworks/yii_1.1.14/framework/web/CWebApplication.php(141): CWebApplication->runController('HNAP1')
#1 /var/www/toto2/frameworks/yii_1.1.14/framework/base/CApplication.php(180): CWebApplication->processRequest()
#2 /var/www/toto2/index.php(40): CApplication->run()
#3 {main}
REQUEST_URI=/HNAP1/
---
2014/06/23 15:48:21 [error] [exception.CHttpException.404] exception 'CHttpException' with message 'Unable to resolve the request "JNAP".' in /var/www/toto2/frameworks/yii_1.1.14/framework/web/CWebApplication.php:286
Stack trace:
#0 /var/www/toto2/frameworks/yii_1.1.14/framework/web/CWebApplication.php(141): CWebApplication->runController('JNAP')
#1 /var/www/toto2/frameworks/yii_1.1.14/framework/base/CApplication.php(180): CWebApplication->processRequest()
#2 /var/www/toto2/index.php(40): CApplication->run()
#3 {main}
REQUEST_URI=/JNAP/
---
2014/06/23 15:49:21 [error] [exception.CHttpException.404] exception 'CHttpException' with message 'Unable to resolve the request "HNAP1".' in /var/www/toto2/frameworks/yii_1.1.14/framework/web/CWebApplication.php:286
Stack trace:
#0 /var/www/toto2/frameworks/yii_1.1.14/framework/web/CWebApplication.php(141): CWebApplication->runController('HNAP1')
#1 /var/www/toto2/frameworks/yii_1.1.14/framework/base/CApplication.php(180): CWebApplication->processRequest()
#2 /var/www/toto2/index.php(40): CApplication->run()
#3 {main}
REQUEST_URI=/HNAP1/
---
2014/06/23 15:49:21 [error] [exception.CHttpException.404] exception 'CHttpException' with message 'Unable to resolve the request "JNAP".' in /var/www/toto2/frameworks/yii_1.1.14/framework/web/CWebApplication.php:286
Stack trace:
#0 /var/www/toto2/frameworks/yii_1.1.14/framework/web/CWebApplication.php(141): CWebApplication->runController('JNAP')
#1 /var/www/toto2/frameworks/yii_1.1.14/framework/base/CApplication.php(180): CWebApplication->processRequest()
#2 /var/www/toto2/index.php(40): CApplication->run()
#3 {main}
REQUEST_URI=/JNAP/
---
2014/06/23 15:50:20 [error] [exception.CHttpException.404] exception 'CHttpException' with message 'Unable to resolve the request "JNAP".' in /var/www/toto2/frameworks/yii_1.1.14/framework/web/CWebApplication.php:286
Stack trace:
#0 /var/www/toto2/frameworks/yii_1.1.14/framework/web/CWebApplication.php(141): CWebApplication->runController('JNAP')
#1 /var/www/toto2/frameworks/yii_1.1.14/framework/base/CApplication.php(180): CWebApplication->processRequest()
#2 /var/www/toto2/index.php(40): CApplication->run()
#3 {main}
REQUEST_URI=/JNAP/
---
2014/06/23 15:50:20 [error] [exception.CHttpException.404] exception 'CHttpException' with message 'Unable to resolve the request "HNAP1".' in /var/www/toto2/frameworks/yii_1.1.14/framework/web/CWebApplication.php:286
Stack trace:
#0 /var/www/toto2/frameworks/yii_1.1.14/framework/web/CWebApplication.php(141): CWebApplication->runController('HNAP1')
#1 /var/www/toto2/frameworks/yii_1.1.14/framework/base/CApplication.php(180): CWebApplication->processRequest()
#2 /var/www/toto2/index.php(40): CApplication->run()
#3 {main}
REQUEST_URI=/HNAP1/
---
2014/06/23 15:51:20 [error] [exception.CHttpException.404] exception 'CHttpException' with message 'Unable to resolve the request "HNAP1".' in /var/www/toto2/frameworks/yii_1.1.14/framework/web/CWebApplication.php:286
Stack trace:
#0 /var/www/toto2/frameworks/yii_1.1.14/framework/web/CWebApplication.php(141): CWebApplication->runController('HNAP1')
#1 /var/www/toto2/frameworks/yii_1.1.14/framework/base/CApplication.php(180): CWebApplication->processRequest()
#2 /var/www/toto2/index.php(40): CApplication->run()
#3 {main}
REQUEST_URI=/HNAP1/
---
2014/06/23 15:51:20 [error] [exception.CHttpException.404] exception 'CHttpException' with message 'Unable to resolve the request "JNAP".' in /var/www/toto2/frameworks/yii_1.1.14/framework/web/CWebApplication.php:286
Stack trace:
#0 /var/www/toto2/frameworks/yii_1.1.14/framework/web/CWebApplication.php(141): CWebApplication->runController('JNAP')
#1 /var/www/toto2/frameworks/yii_1.1.14/framework/base/CApplication.php(180): CWebApplication->processRequest()
#2 /var/www/toto2/index.php(40): CApplication->run()
#3 {main}
REQUEST_URI=/JNAP/
---
2014/06/23 15:52:21 [error] [exception.CHttpException.404] exception 'CHttpException' with message 'Unable to resolve the request "JNAP".' in /var/www/toto2/frameworks/yii_1.1.14/framework/web/CWebApplication.php:286
Stack trace:
#0 /var/www/toto2/frameworks/yii_1.1.14/framework/web/CWebApplication.php(141): CWebApplication->runController('JNAP')
#1 /var/www/toto2/frameworks/yii_1.1.14/framework/base/CApplication.php(180): CWebApplication->processRequest()
#2 /var/www/toto2/index.php(40): CApplication->run()
#3 {main}
REQUEST_URI=/JNAP/
---
2014/06/23 15:52:21 [error] [exception.CHttpException.404] exception 'CHttpException' with message 'Unable to resolve the request "HNAP1".' in /var/www/toto2/frameworks/yii_1.1.14/framework/web/CWebApplication.php:286
Stack trace:
#0 /var/www/toto2/frameworks/yii_1.1.14/framework/web/CWebApplication.php(141): CWebApplication->runController('HNAP1')
#1 /var/www/toto2/frameworks/yii_1.1.14/framework/base/CApplication.php(180): CWebApplication->processRequest()
#2 /var/www/toto2/index.php(40): CApplication->run()
#3 {main}
REQUEST_URI=/HNAP1/
---
2014/06/23 15:53:21 [error] [exception.CHttpException.404] exception 'CHttpException' with message 'Unable to resolve the request "JNAP".' in /var/www/toto2/frameworks/yii_1.1.14/framework/web/CWebApplication.php:286
Stack trace:
#0 /var/www/toto2/frameworks/yii_1.1.14/framework/web/CWebApplication.php(141): CWebApplication->runController('JNAP')
#1 /var/www/toto2/frameworks/yii_1.1.14/framework/base/CApplication.php(180): CWebApplication->processRequest()
#2 /var/www/toto2/index.php(40): CApplication->run()
#3 {main}
REQUEST_URI=/JNAP/
---
2014/06/23 15:53:21 [error] [exception.CHttpException.404] exception 'CHttpException' with message 'Unable to resolve the request "HNAP1".' in /var/www/toto2/frameworks/yii_1.1.14/framework/web/CWebApplication.php:286
Stack trace:
#0 /var/www/toto2/frameworks/yii_1.1.14/framework/web/CWebApplication.php(141): CWebApplication->runController('HNAP1')
#1 /var/www/toto2/frameworks/yii_1.1.14/framework/base/CApplication.php(180): CWebApplication->processRequest()
#2 /var/www/toto2/index.php(40): CApplication->run()
#3 {main}
REQUEST_URI=/HNAP1/
---
2014/06/23 15:54:21 [error] [exception.CHttpException.404] exception 'CHttpException' with message 'Unable to resolve the request "JNAP".' in /var/www/toto2/frameworks/yii_1.1.14/framework/web/CWebApplication.php:286
Stack trace:
#0 /var/www/toto2/frameworks/yii_1.1.14/framework/web/CWebApplication.php(141): CWebApplication->runController('JNAP')
#1 /var/www/toto2/frameworks/yii_1.1.14/framework/base/CApplication.php(180): CWebApplication->processRequest()
#2 /var/www/toto2/index.php(40): CApplication->run()
#3 {main}
REQUEST_URI=/JNAP/
---
2014/06/23 15:54:21 [error] [exception.CHttpException.404] exception 'CHttpException' with message 'Unable to resolve the request "HNAP1".' in /var/www/toto2/frameworks/yii_1.1.14/framework/web/CWebApplication.php:286
Stack trace:
#0 /var/www/toto2/frameworks/yii_1.1.14/framework/web/CWebApplication.php(141): CWebApplication->runController('HNAP1')
#1 /var/www/toto2/frameworks/yii_1.1.14/framework/base/CApplication.php(180): CWebApplication->processRequest()
#2 /var/www/toto2/index.php(40): CApplication->run()
#3 {main}
REQUEST_URI=/HNAP1/
---
2014/06/23 15:55:21 [error] [exception.CHttpException.404] exception 'CHttpException' with message 'Unable to resolve the request "HNAP1".' in /var/www/toto2/frameworks/yii_1.1.14/framework/web/CWebApplication.php:286
Stack trace:
#0 /var/www/toto2/frameworks/yii_1.1.14/framework/web/CWebApplication.php(141): CWebApplication->runController('HNAP1')
#1 /var/www/toto2/frameworks/yii_1.1.14/framework/base/CApplication.php(180): CWebApplication->processRequest()
#2 /var/www/toto2/index.php(40): CApplication->run()
#3 {main}
REQUEST_URI=/HNAP1/
---
2014/06/23 15:55:21 [error] [exception.CHttpException.404] exception 'CHttpException' with message 'Unable to resolve the request "JNAP".' in /var/www/toto2/frameworks/yii_1.1.14/framework/web/CWebApplication.php:286
Stack trace:
#0 /var/www/toto2/frameworks/yii_1.1.14/framework/web/CWebApplication.php(141): CWebApplication->runController('JNAP')
#1 /var/www/toto2/frameworks/yii_1.1.14/framework/base/CApplication.php(180): CWebApplication->processRequest()
#2 /var/www/toto2/index.php(40): CApplication->run()
#3 {main}
REQUEST_URI=/JNAP/
---
2014/06/23 15:56:21 [error] [exception.CHttpException.404] exception 'CHttpException' with message 'Unable to resolve the request "JNAP".' in /var/www/toto2/frameworks/yii_1.1.14/framework/web/CWebApplication.php:286
Stack trace:
#0 /var/www/toto2/frameworks/yii_1.1.14/framework/web/CWebApplication.php(141): CWebApplication->runController('JNAP')
#1 /var/www/toto2/frameworks/yii_1.1.14/framework/base/CApplication.php(180): CWebApplication->processRequest()
#2 /var/www/toto2/index.php(40): CApplication->run()
#3 {main}
REQUEST_URI=/JNAP/
---
2014/06/23 15:56:21 [error] [exception.CHttpException.404] exception 'CHttpException' with message 'Unable to resolve the request "HNAP1".' in /var/www/toto2/frameworks/yii_1.1.14/framework/web/CWebApplication.php:286
Stack trace:
#0 /var/www/toto2/frameworks/yii_1.1.14/framework/web/CWebApplication.php(141): CWebApplication->runController('HNAP1')
#1 /var/www/toto2/frameworks/yii_1.1.14/framework/base/CApplication.php(180): CWebApplication->processRequest()
#2 /var/www/toto2/index.php(40): CApplication->run()
#3 {main}
REQUEST_URI=/HNAP1/
---
2014/06/23 15:57:21 [error] [exception.CHttpException.404] exception 'CHttpException' with message 'Unable to resolve the request "HNAP1".' in /var/www/toto2/frameworks/yii_1.1.14/framework/web/CWebApplication.php:286
Stack trace:
#0 /var/www/toto2/frameworks/yii_1.1.14/framework/web/CWebApplication.php(141): CWebApplication->runController('HNAP1')
#1 /var/www/toto2/frameworks/yii_1.1.14/framework/base/CApplication.php(180): CWebApplication->processRequest()
#2 /var/www/toto2/index.php(40): CApplication->run()
#3 {main}
REQUEST_URI=/HNAP1/
---
2014/06/23 15:57:21 [error] [exception.CHttpException.404] exception 'CHttpException' with message 'Unable to resolve the request "JNAP".' in /var/www/toto2/frameworks/yii_1.1.14/framework/web/CWebApplication.php:286
Stack trace:
#0 /var/www/toto2/frameworks/yii_1.1.14/framework/web/CWebApplication.php(141): CWebApplication->runController('JNAP')
#1 /var/www/toto2/frameworks/yii_1.1.14/framework/base/CApplication.php(180): CWebApplication->processRequest()
#2 /var/www/toto2/index.php(40): CApplication->run()
#3 {main}
REQUEST_URI=/JNAP/
---
2014/06/23 15:58:21 [error] [exception.CHttpException.404] exception 'CHttpException' with message 'Unable to resolve the request "HNAP1".' in /var/www/toto2/frameworks/yii_1.1.14/framework/web/CWebApplication.php:286
Stack trace:
#0 /var/www/toto2/frameworks/yii_1.1.14/framework/web/CWebApplication.php(141): CWebApplication->runController('HNAP1')
#1 /var/www/toto2/frameworks/yii_1.1.14/framework/base/CApplication.php(180): CWebApplication->processRequest()
#2 /var/www/toto2/index.php(40): CApplication->run()
#3 {main}
REQUEST_URI=/HNAP1/
---
2014/06/23 15:58:21 [error] [exception.CHttpException.404] exception 'CHttpException' with message 'Unable to resolve the request "JNAP".' in /var/www/toto2/frameworks/yii_1.1.14/framework/web/CWebApplication.php:286
Stack trace:
#0 /var/www/toto2/frameworks/yii_1.1.14/framework/web/CWebApplication.php(141): CWebApplication->runController('JNAP')
#1 /var/www/toto2/frameworks/yii_1.1.14/framework/base/CApplication.php(180): CWebApplication->processRequest()
#2 /var/www/toto2/index.php(40): CApplication->run()
#3 {main}
REQUEST_URI=/JNAP/
---
2014/06/23 15:59:21 [error] [exception.CHttpException.404] exception 'CHttpException' with message 'Unable to resolve the request "HNAP1".' in /var/www/toto2/frameworks/yii_1.1.14/framework/web/CWebApplication.php:286
Stack trace:
#0 /var/www/toto2/frameworks/yii_1.1.14/framework/web/CWebApplication.php(141): CWebApplication->runController('HNAP1')
#1 /var/www/toto2/frameworks/yii_1.1.14/framework/base/CApplication.php(180): CWebApplication->processRequest()
#2 /var/www/toto2/index.php(40): CApplication->run()
#3 {main}
REQUEST_URI=/HNAP1/
---
2014/06/23 15:59:21 [error] [exception.CHttpException.404] exception 'CHttpException' with message 'Unable to resolve the request "JNAP".' in /var/www/toto2/frameworks/yii_1.1.14/framework/web/CWebApplication.php:286
Stack trace:
#0 /var/www/toto2/frameworks/yii_1.1.14/framework/web/CWebApplication.php(141): CWebApplication->runController('JNAP')
#1 /var/www/toto2/frameworks/yii_1.1.14/framework/base/CApplication.php(180): CWebApplication->processRequest()
#2 /var/www/toto2/index.php(40): CApplication->run()
#3 {main}
REQUEST_URI=/JNAP/
---
2014/06/23 16:00:21 [error] [exception.CHttpException.404] exception 'CHttpException' with message 'Unable to resolve the request "HNAP1".' in /var/www/toto2/frameworks/yii_1.1.14/framework/web/CWebApplication.php:286
Stack trace:
#0 /var/www/toto2/frameworks/yii_1.1.14/framework/web/CWebApplication.php(141): CWebApplication->runController('HNAP1')
#1 /var/www/toto2/frameworks/yii_1.1.14/framework/base/CApplication.php(180): CWebApplication->processRequest()
#2 /var/www/toto2/index.php(40): CApplication->run()
#3 {main}
REQUEST_URI=/HNAP1/
---
2014/06/23 16:00:21 [error] [exception.CHttpException.404] exception 'CHttpException' with message 'Unable to resolve the request "JNAP".' in /var/www/toto2/frameworks/yii_1.1.14/framework/web/CWebApplication.php:286
Stack trace:
#0 /var/www/toto2/frameworks/yii_1.1.14/framework/web/CWebApplication.php(141): CWebApplication->runController('JNAP')
#1 /var/www/toto2/frameworks/yii_1.1.14/framework/base/CApplication.php(180): CWebApplication->processRequest()
#2 /var/www/toto2/index.php(40): CApplication->run()
#3 {main}
REQUEST_URI=/JNAP/
---
2014/06/23 16:01:21 [error] [exception.CHttpException.404] exception 'CHttpException' with message 'Unable to resolve the request "HNAP1".' in /var/www/toto2/frameworks/yii_1.1.14/framework/web/CWebApplication.php:286
Stack trace:
#0 /var/www/toto2/frameworks/yii_1.1.14/framework/web/CWebApplication.php(141): CWebApplication->runController('HNAP1')
#1 /var/www/toto2/frameworks/yii_1.1.14/framework/base/CApplication.php(180): CWebApplication->processRequest()
#2 /var/www/toto2/index.php(40): CApplication->run()
#3 {main}
REQUEST_URI=/HNAP1/
---
2014/06/23 16:01:21 [error] [exception.CHttpException.404] exception 'CHttpException' with message 'Unable to resolve the request "JNAP".' in /var/www/toto2/frameworks/yii_1.1.14/framework/web/CWebApplication.php:286
Stack trace:
#0 /var/www/toto2/frameworks/yii_1.1.14/framework/web/CWebApplication.php(141): CWebApplication->runController('JNAP')
#1 /var/www/toto2/frameworks/yii_1.1.14/framework/base/CApplication.php(180): CWebApplication->processRequest()
#2 /var/www/toto2/index.php(40): CApplication->run()
#3 {main}
REQUEST_URI=/JNAP/
---
2014/06/23 16:02:21 [error] [exception.CHttpException.404] exception 'CHttpException' with message 'Unable to resolve the request "HNAP1".' in /var/www/toto2/frameworks/yii_1.1.14/framework/web/CWebApplication.php:286
Stack trace:
#0 /var/www/toto2/frameworks/yii_1.1.14/framework/web/CWebApplication.php(141): CWebApplication->runController('HNAP1')
#1 /var/www/toto2/frameworks/yii_1.1.14/framework/base/CApplication.php(180): CWebApplication->processRequest()
#2 /var/www/toto2/index.php(40): CApplication->run()
#3 {main}
REQUEST_URI=/HNAP1/
---
2014/06/23 16:02:21 [error] [exception.CHttpException.404] exception 'CHttpException' with message 'Unable to resolve the request "JNAP".' in /var/www/toto2/frameworks/yii_1.1.14/framework/web/CWebApplication.php:286
Stack trace:
#0 /var/www/toto2/frameworks/yii_1.1.14/framework/web/CWebApplication.php(141): CWebApplication->runController('JNAP')
#1 /var/www/toto2/frameworks/yii_1.1.14/framework/base/CApplication.php(180): CWebApplication->processRequest()
#2 /var/www/toto2/index.php(40): CApplication->run()
#3 {main}
REQUEST_URI=/JNAP/
---
2014/06/23 16:03:20 [error] [exception.CHttpException.404] exception 'CHttpException' with message 'Unable to resolve the request "JNAP".' in /var/www/toto2/frameworks/yii_1.1.14/framework/web/CWebApplication.php:286
Stack trace:
#0 /var/www/toto2/frameworks/yii_1.1.14/framework/web/CWebApplication.php(141): CWebApplication->runController('JNAP')
#1 /var/www/toto2/frameworks/yii_1.1.14/framework/base/CApplication.php(180): CWebApplication->processRequest()
#2 /var/www/toto2/index.php(40): CApplication->run()
#3 {main}
REQUEST_URI=/JNAP/
---
2014/06/23 16:03:20 [error] [exception.CHttpException.404] exception 'CHttpException' with message 'Unable to resolve the request "HNAP1".' in /var/www/toto2/frameworks/yii_1.1.14/framework/web/CWebApplication.php:286
Stack trace:
#0 /var/www/toto2/frameworks/yii_1.1.14/framework/web/CWebApplication.php(141): CWebApplication->runController('HNAP1')
#1 /var/www/toto2/frameworks/yii_1.1.14/framework/base/CApplication.php(180): CWebApplication->processRequest()
#2 /var/www/toto2/index.php(40): CApplication->run()
#3 {main}
REQUEST_URI=/HNAP1/
---
2014/06/23 16:04:20 [error] [exception.CHttpException.404] exception 'CHttpException' with message 'Unable to resolve the request "JNAP".' in /var/www/toto2/frameworks/yii_1.1.14/framework/web/CWebApplication.php:286
Stack trace:
#0 /var/www/toto2/frameworks/yii_1.1.14/framework/web/CWebApplication.php(141): CWebApplication->runController('JNAP')
#1 /var/www/toto2/frameworks/yii_1.1.14/framework/base/CApplication.php(180): CWebApplication->processRequest()
#2 /var/www/toto2/index.php(40): CApplication->run()
#3 {main}
REQUEST_URI=/JNAP/
---
2014/06/23 16:04:20 [error] [exception.CHttpException.404] exception 'CHttpException' with message 'Unable to resolve the request "HNAP1".' in /var/www/toto2/frameworks/yii_1.1.14/framework/web/CWebApplication.php:286
Stack trace:
#0 /var/www/toto2/frameworks/yii_1.1.14/framework/web/CWebApplication.php(141): CWebApplication->runController('HNAP1')
#1 /var/www/toto2/frameworks/yii_1.1.14/framework/base/CApplication.php(180): CWebApplication->processRequest()
#2 /var/www/toto2/index.php(40): CApplication->run()
#3 {main}
REQUEST_URI=/HNAP1/
---
2014/06/23 16:05:20 [error] [exception.CHttpException.404] exception 'CHttpException' with message 'Unable to resolve the request "JNAP".' in /var/www/toto2/frameworks/yii_1.1.14/framework/web/CWebApplication.php:286
Stack trace:
#0 /var/www/toto2/frameworks/yii_1.1.14/framework/web/CWebApplication.php(141): CWebApplication->runController('JNAP')
#1 /var/www/toto2/frameworks/yii_1.1.14/framework/base/CApplication.php(180): CWebApplication->processRequest()
#2 /var/www/toto2/index.php(40): CApplication->run()
#3 {main}
REQUEST_URI=/JNAP/
---
2014/06/23 16:05:20 [error] [exception.CHttpException.404] exception 'CHttpException' with message 'Unable to resolve the request "HNAP1".' in /var/www/toto2/frameworks/yii_1.1.14/framework/web/CWebApplication.php:286
Stack trace:
#0 /var/www/toto2/frameworks/yii_1.1.14/framework/web/CWebApplication.php(141): CWebApplication->runController('HNAP1')
#1 /var/www/toto2/frameworks/yii_1.1.14/framework/base/CApplication.php(180): CWebApplication->processRequest()
#2 /var/www/toto2/index.php(40): CApplication->run()
#3 {main}
REQUEST_URI=/HNAP1/
---
2014/06/23 16:06:20 [error] [exception.CHttpException.404] exception 'CHttpException' with message 'Unable to resolve the request "JNAP".' in /var/www/toto2/frameworks/yii_1.1.14/framework/web/CWebApplication.php:286
Stack trace:
#0 /var/www/toto2/frameworks/yii_1.1.14/framework/web/CWebApplication.php(141): CWebApplication->runController('JNAP')
#1 /var/www/toto2/frameworks/yii_1.1.14/framework/base/CApplication.php(180): CWebApplication->processRequest()
#2 /var/www/toto2/index.php(40): CApplication->run()
#3 {main}
REQUEST_URI=/JNAP/
---
2014/06/23 16:06:20 [error] [exception.CHttpException.404] exception 'CHttpException' with message 'Unable to resolve the request "HNAP1".' in /var/www/toto2/frameworks/yii_1.1.14/framework/web/CWebApplication.php:286
Stack trace:
#0 /var/www/toto2/frameworks/yii_1.1.14/framework/web/CWebApplication.php(141): CWebApplication->runController('HNAP1')
#1 /var/www/toto2/frameworks/yii_1.1.14/framework/base/CApplication.php(180): CWebApplication->processRequest()
#2 /var/www/toto2/index.php(40): CApplication->run()
#3 {main}
REQUEST_URI=/HNAP1/
---
2014/06/23 16:07:20 [error] [exception.CHttpException.404] exception 'CHttpException' with message 'Unable to resolve the request "HNAP1".' in /var/www/toto2/frameworks/yii_1.1.14/framework/web/CWebApplication.php:286
Stack trace:
#0 /var/www/toto2/frameworks/yii_1.1.14/framework/web/CWebApplication.php(141): CWebApplication->runController('HNAP1')
#1 /var/www/toto2/frameworks/yii_1.1.14/framework/base/CApplication.php(180): CWebApplication->processRequest()
#2 /var/www/toto2/index.php(40): CApplication->run()
#3 {main}
REQUEST_URI=/HNAP1/
---
2014/06/23 16:07:20 [error] [exception.CHttpException.404] exception 'CHttpException' with message 'Unable to resolve the request "JNAP".' in /var/www/toto2/frameworks/yii_1.1.14/framework/web/CWebApplication.php:286
Stack trace:
#0 /var/www/toto2/frameworks/yii_1.1.14/framework/web/CWebApplication.php(141): CWebApplication->runController('JNAP')
#1 /var/www/toto2/frameworks/yii_1.1.14/framework/base/CApplication.php(180): CWebApplication->processRequest()
#2 /var/www/toto2/index.php(40): CApplication->run()
#3 {main}
REQUEST_URI=/JNAP/
---
2014/06/23 16:08:20 [error] [exception.CHttpException.404] exception 'CHttpException' with message 'Unable to resolve the request "HNAP1".' in /var/www/toto2/frameworks/yii_1.1.14/framework/web/CWebApplication.php:286
Stack trace:
#0 /var/www/toto2/frameworks/yii_1.1.14/framework/web/CWebApplication.php(141): CWebApplication->runController('HNAP1')
#1 /var/www/toto2/frameworks/yii_1.1.14/framework/base/CApplication.php(180): CWebApplication->processRequest()
#2 /var/www/toto2/index.php(40): CApplication->run()
#3 {main}
REQUEST_URI=/HNAP1/
---
2014/06/23 16:08:20 [error] [exception.CHttpException.404] exception 'CHttpException' with message 'Unable to resolve the request "JNAP".' in /var/www/toto2/frameworks/yii_1.1.14/framework/web/CWebApplication.php:286
Stack trace:
#0 /var/www/toto2/frameworks/yii_1.1.14/framework/web/CWebApplication.php(141): CWebApplication->runController('JNAP')
#1 /var/www/toto2/frameworks/yii_1.1.14/framework/base/CApplication.php(180): CWebApplication->processRequest()
#2 /var/www/toto2/index.php(40): CApplication->run()
#3 {main}
REQUEST_URI=/JNAP/
---
2014/06/23 16:09:19 [error] [exception.CHttpException.404] exception 'CHttpException' with message 'Unable to resolve the request "HNAP1".' in /var/www/toto2/frameworks/yii_1.1.14/framework/web/CWebApplication.php:286
Stack trace:
#0 /var/www/toto2/frameworks/yii_1.1.14/framework/web/CWebApplication.php(141): CWebApplication->runController('HNAP1')
#1 /var/www/toto2/frameworks/yii_1.1.14/framework/base/CApplication.php(180): CWebApplication->processRequest()
#2 /var/www/toto2/index.php(40): CApplication->run()
#3 {main}
REQUEST_URI=/HNAP1/
---
2014/06/23 16:09:19 [error] [exception.CHttpException.404] exception 'CHttpException' with message 'Unable to resolve the request "JNAP".' in /var/www/toto2/frameworks/yii_1.1.14/framework/web/CWebApplication.php:286
Stack trace:
#0 /var/www/toto2/frameworks/yii_1.1.14/framework/web/CWebApplication.php(141): CWebApplication->runController('JNAP')
#1 /var/www/toto2/frameworks/yii_1.1.14/framework/base/CApplication.php(180): CWebApplication->processRequest()
#2 /var/www/toto2/index.php(40): CApplication->run()
#3 {main}
REQUEST_URI=/JNAP/
---
2014/06/23 16:10:20 [error] [exception.CHttpException.404] exception 'CHttpException' with message 'Unable to resolve the request "JNAP".' in /var/www/toto2/frameworks/yii_1.1.14/framework/web/CWebApplication.php:286
Stack trace:
#0 /var/www/toto2/frameworks/yii_1.1.14/framework/web/CWebApplication.php(141): CWebApplication->runController('JNAP')
#1 /var/www/toto2/frameworks/yii_1.1.14/framework/base/CApplication.php(180): CWebApplication->processRequest()
#2 /var/www/toto2/index.php(40): CApplication->run()
#3 {main}
REQUEST_URI=/JNAP/
---
2014/06/23 16:10:20 [error] [exception.CHttpException.404] exception 'CHttpException' with message 'Unable to resolve the request "HNAP1".' in /var/www/toto2/frameworks/yii_1.1.14/framework/web/CWebApplication.php:286
Stack trace:
#0 /var/www/toto2/frameworks/yii_1.1.14/framework/web/CWebApplication.php(141): CWebApplication->runController('HNAP1')
#1 /var/www/toto2/frameworks/yii_1.1.14/framework/base/CApplication.php(180): CWebApplication->processRequest()
#2 /var/www/toto2/index.php(40): CApplication->run()
#3 {main}
REQUEST_URI=/HNAP1/
---
2014/06/23 16:11:20 [error] [exception.CHttpException.404] exception 'CHttpException' with message 'Unable to resolve the request "HNAP1".' in /var/www/toto2/frameworks/yii_1.1.14/framework/web/CWebApplication.php:286
Stack trace:
#0 /var/www/toto2/frameworks/yii_1.1.14/framework/web/CWebApplication.php(141): CWebApplication->runController('HNAP1')
#1 /var/www/toto2/frameworks/yii_1.1.14/framework/base/CApplication.php(180): CWebApplication->processRequest()
#2 /var/www/toto2/index.php(40): CApplication->run()
#3 {main}
REQUEST_URI=/HNAP1/
---
2014/06/23 16:11:20 [error] [exception.CHttpException.404] exception 'CHttpException' with message 'Unable to resolve the request "JNAP".' in /var/www/toto2/frameworks/yii_1.1.14/framework/web/CWebApplication.php:286
Stack trace:
#0 /var/www/toto2/frameworks/yii_1.1.14/framework/web/CWebApplication.php(141): CWebApplication->runController('JNAP')
#1 /var/www/toto2/frameworks/yii_1.1.14/framework/base/CApplication.php(180): CWebApplication->processRequest()
#2 /var/www/toto2/index.php(40): CApplication->run()
#3 {main}
REQUEST_URI=/JNAP/
---
2014/06/23 16:12:20 [error] [exception.CHttpException.404] exception 'CHttpException' with message 'Unable to resolve the request "JNAP".' in /var/www/toto2/frameworks/yii_1.1.14/framework/web/CWebApplication.php:286
Stack trace:
#0 /var/www/toto2/frameworks/yii_1.1.14/framework/web/CWebApplication.php(141): CWebApplication->runController('JNAP')
#1 /var/www/toto2/frameworks/yii_1.1.14/framework/base/CApplication.php(180): CWebApplication->processRequest()
#2 /var/www/toto2/index.php(40): CApplication->run()
#3 {main}
REQUEST_URI=/JNAP/
---
2014/06/23 16:12:20 [error] [exception.CHttpException.404] exception 'CHttpException' with message 'Unable to resolve the request "HNAP1".' in /var/www/toto2/frameworks/yii_1.1.14/framework/web/CWebApplication.php:286
Stack trace:
#0 /var/www/toto2/frameworks/yii_1.1.14/framework/web/CWebApplication.php(141): CWebApplication->runController('HNAP1')
#1 /var/www/toto2/frameworks/yii_1.1.14/framework/base/CApplication.php(180): CWebApplication->processRequest()
#2 /var/www/toto2/index.php(40): CApplication->run()
#3 {main}
REQUEST_URI=/HNAP1/
---
2014/06/23 16:13:20 [error] [exception.CHttpException.404] exception 'CHttpException' with message 'Unable to resolve the request "JNAP".' in /var/www/toto2/frameworks/yii_1.1.14/framework/web/CWebApplication.php:286
Stack trace:
#0 /var/www/toto2/frameworks/yii_1.1.14/framework/web/CWebApplication.php(141): CWebApplication->runController('JNAP')
#1 /var/www/toto2/frameworks/yii_1.1.14/framework/base/CApplication.php(180): CWebApplication->processRequest()
#2 /var/www/toto2/index.php(40): CApplication->run()
#3 {main}
REQUEST_URI=/JNAP/
---
2014/06/23 16:13:20 [error] [exception.CHttpException.404] exception 'CHttpException' with message 'Unable to resolve the request "HNAP1".' in /var/www/toto2/frameworks/yii_1.1.14/framework/web/CWebApplication.php:286
Stack trace:
#0 /var/www/toto2/frameworks/yii_1.1.14/framework/web/CWebApplication.php(141): CWebApplication->runController('HNAP1')
#1 /var/www/toto2/frameworks/yii_1.1.14/framework/base/CApplication.php(180): CWebApplication->processRequest()
#2 /var/www/toto2/index.php(40): CApplication->run()
#3 {main}
REQUEST_URI=/HNAP1/
---
2014/06/23 16:14:20 [error] [exception.CHttpException.404] exception 'CHttpException' with message 'Unable to resolve the request "HNAP1".' in /var/www/toto2/frameworks/yii_1.1.14/framework/web/CWebApplication.php:286
Stack trace:
#0 /var/www/toto2/frameworks/yii_1.1.14/framework/web/CWebApplication.php(141): CWebApplication->runController('HNAP1')
#1 /var/www/toto2/frameworks/yii_1.1.14/framework/base/CApplication.php(180): CWebApplication->processRequest()
#2 /var/www/toto2/index.php(40): CApplication->run()
#3 {main}
REQUEST_URI=/HNAP1/
---
2014/06/23 16:14:20 [error] [exception.CHttpException.404] exception 'CHttpException' with message 'Unable to resolve the request "JNAP".' in /var/www/toto2/frameworks/yii_1.1.14/framework/web/CWebApplication.php:286
Stack trace:
#0 /var/www/toto2/frameworks/yii_1.1.14/framework/web/CWebApplication.php(141): CWebApplication->runController('JNAP')
#1 /var/www/toto2/frameworks/yii_1.1.14/framework/base/CApplication.php(180): CWebApplication->processRequest()
#2 /var/www/toto2/index.php(40): CApplication->run()
#3 {main}
REQUEST_URI=/JNAP/
---
2014/06/23 16:15:20 [error] [exception.CHttpException.404] exception 'CHttpException' with message 'Unable to resolve the request "HNAP1".' in /var/www/toto2/frameworks/yii_1.1.14/framework/web/CWebApplication.php:286
Stack trace:
#0 /var/www/toto2/frameworks/yii_1.1.14/framework/web/CWebApplication.php(141): CWebApplication->runController('HNAP1')
#1 /var/www/toto2/frameworks/yii_1.1.14/framework/base/CApplication.php(180): CWebApplication->processRequest()
#2 /var/www/toto2/index.php(40): CApplication->run()
#3 {main}
REQUEST_URI=/HNAP1/
---
2014/06/23 16:15:20 [error] [exception.CHttpException.404] exception 'CHttpException' with message 'Unable to resolve the request "JNAP".' in /var/www/toto2/frameworks/yii_1.1.14/framework/web/CWebApplication.php:286
Stack trace:
#0 /var/www/toto2/frameworks/yii_1.1.14/framework/web/CWebApplication.php(141): CWebApplication->runController('JNAP')
#1 /var/www/toto2/frameworks/yii_1.1.14/framework/base/CApplication.php(180): CWebApplication->processRequest()
#2 /var/www/toto2/index.php(40): CApplication->run()
#3 {main}
REQUEST_URI=/JNAP/
---
2014/06/23 22:22:14 [warning] [application] Failed to set unsafe attribute "roles" of "User".
in /var/www/toto2/protected/controllers/UserController.php (102)
in /var/www/toto2/index.php (40)
2014/06/23 22:22:14 [warning] [application] Failed to set unsafe attribute "name" of "User".
in /var/www/toto2/protected/controllers/UserController.php (102)
in /var/www/toto2/index.php (40)
2014/06/23 22:22:14 [warning] [application] Failed to set unsafe attribute "email" of "User".
in /var/www/toto2/protected/controllers/UserController.php (102)
in /var/www/toto2/index.php (40)
2014/06/23 22:22:14 [warning] [application] Failed to set unsafe attribute "password" of "User".
in /var/www/toto2/protected/controllers/UserController.php (102)
in /var/www/toto2/index.php (40)
2014/06/23 22:22:14 [warning] [application] Failed to set unsafe attribute "status" of "User".
in /var/www/toto2/protected/controllers/UserController.php (102)
in /var/www/toto2/index.php (40)
2014/06/23 22:22:14 [warning] [application] Failed to set unsafe attribute "requires_new_password" of "User".
in /var/www/toto2/protected/controllers/UserController.php (102)
in /var/www/toto2/index.php (40)
2014/06/23 22:22:14 [warning] [application] Failed to set unsafe attribute "login_attempts" of "User".
in /var/www/toto2/protected/controllers/UserController.php (102)
in /var/www/toto2/index.php (40)
2014/06/23 22:22:14 [warning] [application] Failed to set unsafe attribute "login_time" of "User".
in /var/www/toto2/protected/controllers/UserController.php (102)
in /var/www/toto2/index.php (40)
2014/06/23 22:22:14 [warning] [application] Failed to set unsafe attribute "login_ip" of "User".
in /var/www/toto2/protected/controllers/UserController.php (102)
in /var/www/toto2/index.php (40)
2014/06/23 22:22:14 [warning] [application] Failed to set unsafe attribute "activation_key" of "User".
in /var/www/toto2/protected/controllers/UserController.php (102)
in /var/www/toto2/index.php (40)
2014/06/23 22:22:14 [warning] [application] Failed to set unsafe attribute "validation_key" of "User".
in /var/www/toto2/protected/controllers/UserController.php (102)
in /var/www/toto2/index.php (40)
2014/06/23 22:22:14 [warning] [application] Failed to set unsafe attribute "create_time" of "User".
in /var/www/toto2/protected/controllers/UserController.php (102)
in /var/www/toto2/index.php (40)
2014/06/23 22:22:18 [warning] [application] Failed to set unsafe attribute "roles" of "User".
in /var/www/toto2/protected/controllers/UserController.php (102)
in /var/www/toto2/index.php (40)
2014/06/23 22:22:18 [warning] [application] Failed to set unsafe attribute "name" of "User".
in /var/www/toto2/protected/controllers/UserController.php (102)
in /var/www/toto2/index.php (40)
2014/06/23 22:22:18 [warning] [application] Failed to set unsafe attribute "email" of "User".
in /var/www/toto2/protected/controllers/UserController.php (102)
in /var/www/toto2/index.php (40)
2014/06/23 22:22:18 [warning] [application] Failed to set unsafe attribute "password" of "User".
in /var/www/toto2/protected/controllers/UserController.php (102)
in /var/www/toto2/index.php (40)
2014/06/23 22:22:18 [warning] [application] Failed to set unsafe attribute "status" of "User".
in /var/www/toto2/protected/controllers/UserController.php (102)
in /var/www/toto2/index.php (40)
2014/06/23 22:22:18 [warning] [application] Failed to set unsafe attribute "requires_new_password" of "User".
in /var/www/toto2/protected/controllers/UserController.php (102)
in /var/www/toto2/index.php (40)
2014/06/23 22:22:18 [warning] [application] Failed to set unsafe attribute "login_attempts" of "User".
in /var/www/toto2/protected/controllers/UserController.php (102)
in /var/www/toto2/index.php (40)
2014/06/23 22:22:18 [warning] [application] Failed to set unsafe attribute "login_time" of "User".
in /var/www/toto2/protected/controllers/UserController.php (102)
in /var/www/toto2/index.php (40)
2014/06/23 22:22:18 [warning] [application] Failed to set unsafe attribute "login_ip" of "User".
in /var/www/toto2/protected/controllers/UserController.php (102)
in /var/www/toto2/index.php (40)
2014/06/23 22:22:18 [warning] [application] Failed to set unsafe attribute "activation_key" of "User".
in /var/www/toto2/protected/controllers/UserController.php (102)
in /var/www/toto2/index.php (40)
2014/06/23 22:22:18 [warning] [application] Failed to set unsafe attribute "validation_key" of "User".
in /var/www/toto2/protected/controllers/UserController.php (102)
in /var/www/toto2/index.php (40)
2014/06/23 22:22:18 [warning] [application] Failed to set unsafe attribute "create_time" of "User".
in /var/www/toto2/protected/controllers/UserController.php (102)
in /var/www/toto2/index.php (40)
2014/06/23 22:22:43 [warning] [application] Failed to set unsafe attribute "roles" of "User".
in /var/www/toto2/protected/controllers/UserController.php (102)
in /var/www/toto2/index.php (40)
2014/06/23 22:22:43 [warning] [application] Failed to set unsafe attribute "name" of "User".
in /var/www/toto2/protected/controllers/UserController.php (102)
in /var/www/toto2/index.php (40)
2014/06/23 22:22:43 [warning] [application] Failed to set unsafe attribute "email" of "User".
in /var/www/toto2/protected/controllers/UserController.php (102)
in /var/www/toto2/index.php (40)
2014/06/23 22:22:43 [warning] [application] Failed to set unsafe attribute "password" of "User".
in /var/www/toto2/protected/controllers/UserController.php (102)
in /var/www/toto2/index.php (40)
2014/06/23 22:22:43 [warning] [application] Failed to set unsafe attribute "status" of "User".
in /var/www/toto2/protected/controllers/UserController.php (102)
in /var/www/toto2/index.php (40)
2014/06/23 22:22:43 [warning] [application] Failed to set unsafe attribute "requires_new_password" of "User".
in /var/www/toto2/protected/controllers/UserController.php (102)
in /var/www/toto2/index.php (40)
2014/06/23 22:22:43 [warning] [application] Failed to set unsafe attribute "login_attempts" of "User".
in /var/www/toto2/protected/controllers/UserController.php (102)
in /var/www/toto2/index.php (40)
2014/06/23 22:22:43 [warning] [application] Failed to set unsafe attribute "login_time" of "User".
in /var/www/toto2/protected/controllers/UserController.php (102)
in /var/www/toto2/index.php (40)
2014/06/23 22:22:43 [warning] [application] Failed to set unsafe attribute "login_ip" of "User".
in /var/www/toto2/protected/controllers/UserController.php (102)
in /var/www/toto2/index.php (40)
2014/06/23 22:22:43 [warning] [application] Failed to set unsafe attribute "activation_key" of "User".
in /var/www/toto2/protected/controllers/UserController.php (102)
in /var/www/toto2/index.php (40)
2014/06/23 22:22:43 [warning] [application] Failed to set unsafe attribute "validation_key" of "User".
in /var/www/toto2/protected/controllers/UserController.php (102)
in /var/www/toto2/index.php (40)
2014/06/23 22:22:43 [warning] [application] Failed to set unsafe attribute "create_time" of "User".
in /var/www/toto2/protected/controllers/UserController.php (102)
in /var/www/toto2/index.php (40)
2014/06/23 22:23:05 [warning] [application] Failed to set unsafe attribute "roles" of "User".
in /var/www/toto2/protected/controllers/UserController.php (102)
in /var/www/toto2/index.php (40)
2014/06/23 22:23:05 [warning] [application] Failed to set unsafe attribute "name" of "User".
in /var/www/toto2/protected/controllers/UserController.php (102)
in /var/www/toto2/index.php (40)
2014/06/23 22:23:05 [warning] [application] Failed to set unsafe attribute "email" of "User".
in /var/www/toto2/protected/controllers/UserController.php (102)
in /var/www/toto2/index.php (40)
2014/06/23 22:23:05 [warning] [application] Failed to set unsafe attribute "password" of "User".
in /var/www/toto2/protected/controllers/UserController.php (102)
in /var/www/toto2/index.php (40)
2014/06/23 22:23:05 [warning] [application] Failed to set unsafe attribute "status" of "User".
in /var/www/toto2/protected/controllers/UserController.php (102)
in /var/www/toto2/index.php (40)
2014/06/23 22:23:05 [warning] [application] Failed to set unsafe attribute "requires_new_password" of "User".
in /var/www/toto2/protected/controllers/UserController.php (102)
in /var/www/toto2/index.php (40)
2014/06/23 22:23:05 [warning] [application] Failed to set unsafe attribute "login_attempts" of "User".
in /var/www/toto2/protected/controllers/UserController.php (102)
in /var/www/toto2/index.php (40)
2014/06/23 22:23:05 [warning] [application] Failed to set unsafe attribute "login_time" of "User".
in /var/www/toto2/protected/controllers/UserController.php (102)
in /var/www/toto2/index.php (40)
2014/06/23 22:23:05 [warning] [application] Failed to set unsafe attribute "login_ip" of "User".
in /var/www/toto2/protected/controllers/UserController.php (102)
in /var/www/toto2/index.php (40)
2014/06/23 22:23:05 [warning] [application] Failed to set unsafe attribute "activation_key" of "User".
in /var/www/toto2/protected/controllers/UserController.php (102)
in /var/www/toto2/index.php (40)
2014/06/23 22:23:05 [warning] [application] Failed to set unsafe attribute "validation_key" of "User".
in /var/www/toto2/protected/controllers/UserController.php (102)
in /var/www/toto2/index.php (40)
2014/06/23 22:23:05 [warning] [application] Failed to set unsafe attribute "create_time" of "User".
in /var/www/toto2/protected/controllers/UserController.php (102)
in /var/www/toto2/index.php (40)
